<?xml version="1.0" encoding="utf-8"?>
<test-run id="2" testcasecount="304" result="Failed(Child)" total="304" passed="240" failed="64" inconclusive="0" skipped="0" asserts="0" engine-version="3.5.0.0" clr-version="4.0.30319.42000" start-time="2026-07-26 14:19:13Z" end-time="2026-07-26 14:19:16Z" duration="2.868856">
  <test-suite type="TestSuite" id="1433" name="Scaffold" fullname="Scaffold" runstate="Runnable" testcasecount="304" result="Failed" site="Child" start-time="2026-07-26 14:19:13Z" end-time="2026-07-26 14:19:16Z" duration="2.868856" total="304" passed="240" failed="64" inconclusive="0" skipped="0" asserts="0">
    <properties>
      <property name="platform" value="EditMode" />
    </properties>
    <failure>
      <message><![CDATA[One or more child tests had errors]]></message>
    </failure>
    <test-suite type="Assembly" id="1021" name="Game.App.Bootstrap.Tests.dll" fullname="/Users/leonardosilva/Documents/MatheusCohen/Gear Engine/Library/ScriptAssemblies/Game.App.Bootstrap.Tests.dll" runstate="Runnable" testcasecount="16" result="Failed" site="Child" start-time="2026-07-26 14:19:13Z" end-time="2026-07-26 14:19:13Z" duration="0.110239" total="16" passed="11" failed="5" inconclusive="0" skipped="0" asserts="0">
      <properties>
        <property name="_PID" value="11844" />
        <property name="_APPDOMAIN" value="Unity Child Domain" />
        <property name="platform" value="EditMode" />
        <property name="EditorOnly" value="True" />
      </properties>
      <failure>
        <message><![CDATA[One or more child tests had errors]]></message>
      </failure>
      <test-suite type="TestSuite" id="1022" name="GearEngine" fullname="GearEngine" runstate="Runnable" testcasecount="16" result="Failed" site="Child" start-time="2026-07-26 14:19:13Z" end-time="2026-07-26 14:19:13Z" duration="0.107890" total="16" passed="11" failed="5" inconclusive="0" skipped="0" asserts="0">
        <properties />
        <failure>
          <message><![CDATA[One or more child tests had errors]]></message>
        </failure>
        <test-suite type="TestSuite" id="1023" name="App" fullname="GearEngine.App" runstate="Runnable" testcasecount="16" result="Failed" site="Child" start-time="2026-07-26 14:19:13Z" end-time="2026-07-26 14:19:13Z" duration="0.107604" total="16" passed="11" failed="5" inconclusive="0" skipped="0" asserts="0">
          <properties />
          <failure>
            <message><![CDATA[One or more child tests had errors]]></message>
          </failure>
          <test-suite type="TestSuite" id="1024" name="Bootstrap" fullname="GearEngine.App.Bootstrap" runstate="Runnable" testcasecount="16" result="Failed" site="Child" start-time="2026-07-26 14:19:13Z" end-time="2026-07-26 14:19:13Z" duration="0.107383" total="16" passed="11" failed="5" inconclusive="0" skipped="0" asserts="0">
            <properties />
            <failure>
              <message><![CDATA[One or more child tests had errors]]></message>
            </failure>
            <test-suite type="TestSuite" id="1025" name="Tests" fullname="GearEngine.App.Bootstrap.Tests" runstate="Runnable" testcasecount="16" result="Failed" site="Child" start-time="2026-07-26 14:19:13Z" end-time="2026-07-26 14:19:13Z" duration="0.107148" total="16" passed="11" failed="5" inconclusive="0" skipped="0" asserts="0">
              <properties />
              <failure>
                <message><![CDATA[One or more child tests had errors]]></message>
              </failure>
              <test-suite type="TestSuite" id="1026" name="Editor" fullname="GearEngine.App.Bootstrap.Tests.Editor" runstate="Runnable" testcasecount="16" result="Failed" site="Child" start-time="2026-07-26 14:19:13Z" end-time="2026-07-26 14:19:13Z" duration="0.106852" total="16" passed="11" failed="5" inconclusive="0" skipped="0" asserts="0">
                <properties />
                <failure>
                  <message><![CDATA[One or more child tests had errors]]></message>
                </failure>
                <test-suite type="TestFixture" id="1001" name="CurrencyClientModuleTests" fullname="GearEngine.App.Bootstrap.Tests.Editor.CurrencyClientModuleTests" classname="GearEngine.App.Bootstrap.Tests.Editor.CurrencyClientModuleTests" runstate="Runnable" testcasecount="5" result="Failed" site="Child" start-time="2026-07-26 14:19:13Z" end-time="2026-07-26 14:19:13Z" duration="0.071834" total="5" passed="0" failed="5" inconclusive="0" skipped="0" asserts="0">
                  <properties />
                  <failure>
                    <message><![CDATA[One or more child tests had errors]]></message>
                  </failure>
                  <test-case id="1005" name="AddAsync_InvalidCurrencyId_Throws" fullname="GearEngine.App.Bootstrap.Tests.Editor.CurrencyClientModuleTests.AddAsync_InvalidCurrencyId_Throws" methodname="AddAsync_InvalidCurrencyId_Throws" classname="GearEngine.App.Bootstrap.Tests.Editor.CurrencyClientModuleTests" runstate="Runnable" seed="1943986430" result="Failed" label="Error" start-time="2026-07-26 14:19:13Z" end-time="2026-07-26 14:19:13Z" duration="0.038089" asserts="0">
                    <properties>
                      <property name="retryIteration" value="0" />
                      <property name="repeatIteration" value="0" />
                    </properties>
                    <failure>
                      <message><![CDATA[VContainer.VContainerException : Failed to resolve GearEngine.Currency.CurrencyClientModule : No such registration of type: Scaffold.Analytics.IAnalyticsService with Key: ]]></message>
                      <stack-trace><![CDATA[  at VContainer.Internal.ReflectionInjector.CreateInstance (VContainer.IObjectResolver resolver, System.Collections.Generic.IReadOnlyList`1[T] parameters) [0x0009c] in ./Packages/jp.hadashikick.vcontainer/Runtime/Internal/ReflectionInjector.cs:56
  at VContainer.Internal.InstanceProvider.SpawnInstance (VContainer.IObjectResolver resolver) [0x00000] in ./Packages/jp.hadashikick.vcontainer/Runtime/Internal/InstanceProviders/InstanceProvider.cs:21
  at VContainer.Registration.SpawnInstance (VContainer.IObjectResolver resolver) [0x00000] in ./Packages/jp.hadashikick.vcontainer/Runtime/Registration.cs:37
  at VContainer.Container+<>c__DisplayClass12_0.<.ctor>b__1 () [0x00000] in ./Packages/jp.hadashikick.vcontainer/Runtime/Container.cs:222
  at System.Lazy`1[T].ViaFactory (System.Threading.LazyThreadSafetyMode mode) [0x00043] in <299d5c9ae27b4d27af003e5f456f4b13>:0
  at System.Lazy`1[T].ExecutionAndPublication (System.LazyHelper executionAndPublication, System.Boolean useDefaultConstructor) [0x00022] in <299d5c9ae27b4d27af003e5f456f4b13>:0
  at System.Lazy`1[T].CreateValue () [0x00074] in <299d5c9ae27b4d27af003e5f456f4b13>:0
  at System.Lazy`1[T].get_Value () [0x0000a] in <299d5c9ae27b4d27af003e5f456f4b13>:0
  at VContainer.Container.ResolveCore (VContainer.Registration registration) [0x00029] in ./Packages/jp.hadashikick.vcontainer/Runtime/Container.cs:295
  at VContainer.Container.Resolve (VContainer.Registration registration) [0x0002a] in ./Packages/jp.hadashikick.vcontainer/Runtime/Container.cs:258
  at VContainer.Container.Resolve (System.Type type, System.Object key) [0x00010] in ./Packages/jp.hadashikick.vcontainer/Runtime/Container.cs:233
  at VContainer.IObjectResolverExtensions.Resolve[T] (VContainer.IObjectResolver resolver, System.Object key) [0x00000] in ./Packages/jp.hadashikick.vcontainer/Runtime/IObjectResolverExtensions.cs:10
  at GearEngine.App.Bootstrap.Tests.Editor.CurrencyClientModuleTests.AddAsync_InvalidCurrencyId_Throws () [0x0004b] in /Users/leonardosilva/Documents/MatheusCohen/Gear Engine/Assets/GearEngine/Scripts/App/Bootstrap/Tests/Editor/CurrencyClientModuleTests.cs:107
  at UnityEngine.TestTools.TestRunner.TestTaskWrapper+<Execute>d__2.MoveNext () [0x00074] in ./Library/PackageCache/com.unity.test-framework@1405238725ab/UnityEngine.TestRunner/TestRunner/TestTaskWrapper.cs:31
  at UnityEngine.TestTools.TestEnumerator+<Execute>d__7.MoveNext () [0x0004e] in ./Library/PackageCache/com.unity.test-framework@1405238725ab/UnityEngine.TestRunner/NUnitExtensions/Attributes/TestEnumerator.cs:44 ]]></stack-trace>
                    </failure>
                  </test-case>
                  <test-case id="1006" name="AddAsync_NonPositiveAmount_Throws" fullname="GearEngine.App.Bootstrap.Tests.Editor.CurrencyClientModuleTests.AddAsync_NonPositiveAmount_Throws" methodname="AddAsync_NonPositiveAmount_Throws" classname="GearEngine.App.Bootstrap.Tests.Editor.CurrencyClientModuleTests" runstate="Runnable" seed="1469104470" result="Failed" label="Error" start-time="2026-07-26 14:19:13Z" end-time="2026-07-26 14:19:13Z" duration="0.006379" asserts="0">
                    <properties>
                      <property name="retryIteration" value="0" />
                      <property name="repeatIteration" value="0" />
                    </properties>
                    <failure>
                      <message><![CDATA[VContainer.VContainerException : Failed to resolve GearEngine.Currency.CurrencyClientModule : No such registration of type: Scaffold.Analytics.IAnalyticsService with Key: ]]></message>
                      <stack-trace><![CDATA[  at VContainer.Internal.ReflectionInjector.CreateInstance (VContainer.IObjectResolver resolver, System.Collections.Generic.IReadOnlyList`1[T] parameters) [0x0009c] in ./Packages/jp.hadashikick.vcontainer/Runtime/Internal/ReflectionInjector.cs:56
  at VContainer.Internal.InstanceProvider.SpawnInstance (VContainer.IObjectResolver resolver) [0x00000] in ./Packages/jp.hadashikick.vcontainer/Runtime/Internal/InstanceProviders/InstanceProvider.cs:21
  at VContainer.Registration.SpawnInstance (VContainer.IObjectResolver resolver) [0x00000] in ./Packages/jp.hadashikick.vcontainer/Runtime/Registration.cs:37
  at VContainer.Container+<>c__DisplayClass12_0.<.ctor>b__1 () [0x00000] in ./Packages/jp.hadashikick.vcontainer/Runtime/Container.cs:222
  at System.Lazy`1[T].ViaFactory (System.Threading.LazyThreadSafetyMode mode) [0x00043] in <299d5c9ae27b4d27af003e5f456f4b13>:0
  at System.Lazy`1[T].ExecutionAndPublication (System.LazyHelper executionAndPublication, System.Boolean useDefaultConstructor) [0x00022] in <299d5c9ae27b4d27af003e5f456f4b13>:0
  at System.Lazy`1[T].CreateValue () [0x00074] in <299d5c9ae27b4d27af003e5f456f4b13>:0
  at System.Lazy`1[T].get_Value () [0x0000a] in <299d5c9ae27b4d27af003e5f456f4b13>:0
  at VContainer.Container.ResolveCore (VContainer.Registration registration) [0x00029] in ./Packages/jp.hadashikick.vcontainer/Runtime/Container.cs:295
  at VContainer.Container.Resolve (VContainer.Registration registration) [0x0002a] in ./Packages/jp.hadashikick.vcontainer/Runtime/Container.cs:258
  at VContainer.Container.Resolve (System.Type type, System.Object key) [0x00010] in ./Packages/jp.hadashikick.vcontainer/Runtime/Container.cs:233
  at VContainer.IObjectResolverExtensions.Resolve[T] (VContainer.IObjectResolver resolver, System.Object key) [0x00000] in ./Packages/jp.hadashikick.vcontainer/Runtime/IObjectResolverExtensions.cs:10
  at GearEngine.App.Bootstrap.Tests.Editor.CurrencyClientModuleTests.AddAsync_NonPositiveAmount_Throws () [0x0004b] in /Users/leonardosilva/Documents/MatheusCohen/Gear Engine/Assets/GearEngine/Scripts/App/Bootstrap/Tests/Editor/CurrencyClientModuleTests.cs:131
  at UnityEngine.TestTools.TestRunner.TestTaskWrapper+<Execute>d__2.MoveNext () [0x00074] in ./Library/PackageCache/com.unity.test-framework@1405238725ab/UnityEngine.TestRunner/TestRunner/TestTaskWrapper.cs:31
  at UnityEngine.TestTools.TestEnumerator+<Execute>d__7.MoveNext () [0x0004e] in ./Library/PackageCache/com.unity.test-framework@1405238725ab/UnityEngine.TestRunner/NUnitExtensions/Attributes/TestEnumerator.cs:44 ]]></stack-trace>
                    </failure>
                  </test-case>
                  <test-case id="1002" name="AddAsync_UpdatesCachedWallet_FromResponse" fullname="GearEngine.App.Bootstrap.Tests.Editor.CurrencyClientModuleTests.AddAsync_UpdatesCachedWallet_FromResponse" methodname="AddAsync_UpdatesCachedWallet_FromResponse" classname="GearEngine.App.Bootstrap.Tests.Editor.CurrencyClientModuleTests" runstate="Runnable" seed="1346274189" result="Failed" label="Error" start-time="2026-07-26 14:19:13Z" end-time="2026-07-26 14:19:13Z" duration="0.003454" asserts="0">
                    <properties>
                      <property name="retryIteration" value="0" />
                      <property name="repeatIteration" value="0" />
                    </properties>
                    <failure>
                      <message><![CDATA[VContainer.VContainerException : Failed to resolve GearEngine.Currency.CurrencyClientModule : No such registration of type: Scaffold.Analytics.IAnalyticsService with Key: ]]></message>
                      <stack-trace><![CDATA[  at VContainer.Internal.ReflectionInjector.CreateInstance (VContainer.IObjectResolver resolver, System.Collections.Generic.IReadOnlyList`1[T] parameters) [0x0009c] in ./Packages/jp.hadashikick.vcontainer/Runtime/Internal/ReflectionInjector.cs:56
  at VContainer.Internal.InstanceProvider.SpawnInstance (VContainer.IObjectResolver resolver) [0x00000] in ./Packages/jp.hadashikick.vcontainer/Runtime/Internal/InstanceProviders/InstanceProvider.cs:21
  at VContainer.Registration.SpawnInstance (VContainer.IObjectResolver resolver) [0x00000] in ./Packages/jp.hadashikick.vcontainer/Runtime/Registration.cs:37
  at VContainer.Container+<>c__DisplayClass12_0.<.ctor>b__1 () [0x00000] in ./Packages/jp.hadashikick.vcontainer/Runtime/Container.cs:222
  at System.Lazy`1[T].ViaFactory (System.Threading.LazyThreadSafetyMode mode) [0x00043] in <299d5c9ae27b4d27af003e5f456f4b13>:0
  at System.Lazy`1[T].ExecutionAndPublication (System.LazyHelper executionAndPublication, System.Boolean useDefaultConstructor) [0x00022] in <299d5c9ae27b4d27af003e5f456f4b13>:0
  at System.Lazy`1[T].CreateValue () [0x00074] in <299d5c9ae27b4d27af003e5f456f4b13>:0
  at System.Lazy`1[T].get_Value () [0x0000a] in <299d5c9ae27b4d27af003e5f456f4b13>:0
  at VContainer.Container.ResolveCore (VContainer.Registration registration) [0x00029] in ./Packages/jp.hadashikick.vcontainer/Runtime/Container.cs:295
  at VContainer.Container.Resolve (VContainer.Registration registration) [0x0002a] in ./Packages/jp.hadashikick.vcontainer/Runtime/Container.cs:258
  at VContainer.Container.Resolve (System.Type type, System.Object key) [0x00010] in ./Packages/jp.hadashikick.vcontainer/Runtime/Container.cs:233
  at VContainer.IObjectResolverExtensions.Resolve[T] (VContainer.IObjectResolver resolver, System.Object key) [0x00000] in ./Packages/jp.hadashikick.vcontainer/Runtime/IObjectResolverExtensions.cs:10
  at GearEngine.App.Bootstrap.Tests.Editor.CurrencyClientModuleTests.AddAsync_UpdatesCachedWallet_FromResponse () [0x00080] in /Users/leonardosilva/Documents/MatheusCohen/Gear Engine/Assets/GearEngine/Scripts/App/Bootstrap/Tests/Editor/CurrencyClientModuleTests.cs:32
  at UnityEngine.TestTools.TestRunner.TestTaskWrapper+<Execute>d__2.MoveNext () [0x00074] in ./Library/PackageCache/com.unity.test-framework@1405238725ab/UnityEngine.TestRunner/TestRunner/TestTaskWrapper.cs:31
  at UnityEngine.TestTools.TestEnumerator+<Execute>d__7.MoveNext () [0x0004e] in ./Library/PackageCache/com.unity.test-framework@1405238725ab/UnityEngine.TestRunner/NUnitExtensions/Attributes/TestEnumerator.cs:44 ]]></stack-trace>
                    </failure>
                  </test-case>
                  <test-case id="1004" name="TrySpendAsync_False_DoesNotChangeWallet" fullname="GearEngine.App.Bootstrap.Tests.Editor.CurrencyClientModuleTests.TrySpendAsync_False_DoesNotChangeWallet" methodname="TrySpendAsync_False_DoesNotChangeWallet" classname="GearEngine.App.Bootstrap.Tests.Editor.CurrencyClientModuleTests" runstate="Runnable" seed="1758252363" result="Failed" label="Error" start-time="2026-07-26 14:19:13Z" end-time="2026-07-26 14:19:13Z" duration="0.002996" asserts="0">
                    <properties>
                      <property name="retryIteration" value="0" />
                      <property name="repeatIteration" value="0" />
                    </properties>
                    <failure>
                      <message><![CDATA[VContainer.VContainerException : Failed to resolve GearEngine.Currency.CurrencyClientModule : No such registration of type: Scaffold.Analytics.IAnalyticsService with Key: ]]></message>
                      <stack-trace><![CDATA[  at VContainer.Internal.ReflectionInjector.CreateInstance (VContainer.IObjectResolver resolver, System.Collections.Generic.IReadOnlyList`1[T] parameters) [0x0009c] in ./Packages/jp.hadashikick.vcontainer/Runtime/Internal/ReflectionInjector.cs:56
  at VContainer.Internal.InstanceProvider.SpawnInstance (VContainer.IObjectResolver resolver) [0x00000] in ./Packages/jp.hadashikick.vcontainer/Runtime/Internal/InstanceProviders/InstanceProvider.cs:21
  at VContainer.Registration.SpawnInstance (VContainer.IObjectResolver resolver) [0x00000] in ./Packages/jp.hadashikick.vcontainer/Runtime/Registration.cs:37
  at VContainer.Container+<>c__DisplayClass12_0.<.ctor>b__1 () [0x00000] in ./Packages/jp.hadashikick.vcontainer/Runtime/Container.cs:222
  at System.Lazy`1[T].ViaFactory (System.Threading.LazyThreadSafetyMode mode) [0x00043] in <299d5c9ae27b4d27af003e5f456f4b13>:0
  at System.Lazy`1[T].ExecutionAndPublication (System.LazyHelper executionAndPublication, System.Boolean useDefaultConstructor) [0x00022] in <299d5c9ae27b4d27af003e5f456f4b13>:0
  at System.Lazy`1[T].CreateValue () [0x00074] in <299d5c9ae27b4d27af003e5f456f4b13>:0
  at System.Lazy`1[T].get_Value () [0x0000a] in <299d5c9ae27b4d27af003e5f456f4b13>:0
  at VContainer.Container.ResolveCore (VContainer.Registration registration) [0x00029] in ./Packages/jp.hadashikick.vcontainer/Runtime/Container.cs:295
  at VContainer.Container.Resolve (VContainer.Registration registration) [0x0002a] in ./Packages/jp.hadashikick.vcontainer/Runtime/Container.cs:258
  at VContainer.Container.Resolve (System.Type type, System.Object key) [0x00010] in ./Packages/jp.hadashikick.vcontainer/Runtime/Container.cs:233
  at VContainer.IObjectResolverExtensions.Resolve[T] (VContainer.IObjectResolver resolver, System.Object key) [0x00000] in ./Packages/jp.hadashikick.vcontainer/Runtime/IObjectResolverExtensions.cs:10
  at GearEngine.App.Bootstrap.Tests.Editor.CurrencyClientModuleTests.TrySpendAsync_False_DoesNotChangeWallet () [0x00081] in /Users/leonardosilva/Documents/MatheusCohen/Gear Engine/Assets/GearEngine/Scripts/App/Bootstrap/Tests/Editor/CurrencyClientModuleTests.cs:86
  at UnityEngine.TestTools.TestRunner.TestTaskWrapper+<Execute>d__2.MoveNext () [0x00074] in ./Library/PackageCache/com.unity.test-framework@1405238725ab/UnityEngine.TestRunner/TestRunner/TestTaskWrapper.cs:31
  at UnityEngine.TestTools.TestEnumerator+<Execute>d__7.MoveNext () [0x0004e] in ./Library/PackageCache/com.unity.test-framework@1405238725ab/UnityEngine.TestRunner/NUnitExtensions/Attributes/TestEnumerator.cs:44 ]]></stack-trace>
                    </failure>
                  </test-case>
                  <test-case id="1003" name="TrySpendAsync_True_UpdatesWallet" fullname="GearEngine.App.Bootstrap.Tests.Editor.CurrencyClientModuleTests.TrySpendAsync_True_UpdatesWallet" methodname="TrySpendAsync_True_UpdatesWallet" classname="GearEngine.App.Bootstrap.Tests.Editor.CurrencyClientModuleTests" runstate="Runnable" seed="2065232544" result="Failed" label="Error" start-time="2026-07-26 14:19:13Z" end-time="2026-07-26 14:19:13Z" duration="0.005713" asserts="0">
                    <properties>
                      <property name="retryIteration" value="0" />
                      <property name="repeatIteration" value="0" />
                    </properties>
                    <failure>
                      <message><![CDATA[VContainer.VContainerException : Failed to resolve GearEngine.Currency.CurrencyClientModule : No such registration of type: Scaffold.Analytics.IAnalyticsService with Key: ]]></message>
                      <stack-trace><![CDATA[  at VContainer.Internal.ReflectionInjector.CreateInstance (VContainer.IObjectResolver resolver, System.Collections.Generic.IReadOnlyList`1[T] parameters) [0x0009c] in ./Packages/jp.hadashikick.vcontainer/Runtime/Internal/ReflectionInjector.cs:56
  at VContainer.Internal.InstanceProvider.SpawnInstance (VContainer.IObjectResolver resolver) [0x00000] in ./Packages/jp.hadashikick.vcontainer/Runtime/Internal/InstanceProviders/InstanceProvider.cs:21
  at VContainer.Registration.SpawnInstance (VContainer.IObjectResolver resolver) [0x00000] in ./Packages/jp.hadashikick.vcontainer/Runtime/Registration.cs:37
  at VContainer.Container+<>c__DisplayClass12_0.<.ctor>b__1 () [0x00000] in ./Packages/jp.hadashikick.vcontainer/Runtime/Container.cs:222
  at System.Lazy`1[T].ViaFactory (System.Threading.LazyThreadSafetyMode mode) [0x00043] in <299d5c9ae27b4d27af003e5f456f4b13>:0
  at System.Lazy`1[T].ExecutionAndPublication (System.LazyHelper executionAndPublication, System.Boolean useDefaultConstructor) [0x00022] in <299d5c9ae27b4d27af003e5f456f4b13>:0
  at System.Lazy`1[T].CreateValue () [0x00074] in <299d5c9ae27b4d27af003e5f456f4b13>:0
  at System.Lazy`1[T].get_Value () [0x0000a] in <299d5c9ae27b4d27af003e5f456f4b13>:0
  at VContainer.Container.ResolveCore (VContainer.Registration registration) [0x00029] in ./Packages/jp.hadashikick.vcontainer/Runtime/Container.cs:295
  at VContainer.Container.Resolve (VContainer.Registration registration) [0x0002a] in ./Packages/jp.hadashikick.vcontainer/Runtime/Container.cs:258
  at VContainer.Container.Resolve (System.Type type, System.Object key) [0x00010] in ./Packages/jp.hadashikick.vcontainer/Runtime/Container.cs:233
  at VContainer.IObjectResolverExtensions.Resolve[T] (VContainer.IObjectResolver resolver, System.Object key) [0x00000] in ./Packages/jp.hadashikick.vcontainer/Runtime/IObjectResolverExtensions.cs:10
  at GearEngine.App.Bootstrap.Tests.Editor.CurrencyClientModuleTests.TrySpendAsync_True_UpdatesWallet () [0x00081] in /Users/leonardosilva/Documents/MatheusCohen/Gear Engine/Assets/GearEngine/Scripts/App/Bootstrap/Tests/Editor/CurrencyClientModuleTests.cs:59
  at UnityEngine.TestTools.TestRunner.TestTaskWrapper+<Execute>d__2.MoveNext () [0x00074] in ./Library/PackageCache/com.unity.test-framework@1405238725ab/UnityEngine.TestRunner/TestRunner/TestTaskWrapper.cs:31
  at UnityEngine.TestTools.TestEnumerator+<Execute>d__7.MoveNext () [0x0004e] in ./Library/PackageCache/com.unity.test-framework@1405238725ab/UnityEngine.TestRunner/NUnitExtensions/Attributes/TestEnumerator.cs:44 ]]></stack-trace>
                    </failure>
                  </test-case>
                </test-suite>
                <test-suite type="TestFixture" id="1007" name="CurrencyGameDataTests" fullname="GearEngine.App.Bootstrap.Tests.Editor.CurrencyGameDataTests" classname="GearEngine.App.Bootstrap.Tests.Editor.CurrencyGameDataTests" runstate="Runnable" testcasecount="6" result="Passed" start-time="2026-07-26 14:19:13Z" end-time="2026-07-26 14:19:13Z" duration="0.012854" total="6" passed="6" failed="0" inconclusive="0" skipped="0" asserts="0">
                  <properties />
                  <test-case id="1008" name="Constructor_ProjectsWallets_FromPersistence" fullname="GearEngine.App.Bootstrap.Tests.Editor.CurrencyGameDataTests.Constructor_ProjectsWallets_FromPersistence" methodname="Constructor_ProjectsWallets_FromPersistence" classname="GearEngine.App.Bootstrap.Tests.Editor.CurrencyGameDataTests" runstate="Runnable" seed="1915105197" result="Passed" start-time="2026-07-26 14:19:13Z" end-time="2026-07-26 14:19:13Z" duration="0.007863" asserts="0">
                    <properties>
                      <property name="retryIteration" value="0" />
                      <property name="repeatIteration" value="0" />
                    </properties>
                  </test-case>
                  <test-case id="1009" name="Constructor_ReflectsUncappedStoredValue_NotClampedByGameData" fullname="GearEngine.App.Bootstrap.Tests.Editor.CurrencyGameDataTests.Constructor_ReflectsUncappedStoredValue_NotClampedByGameData" methodname="Constructor_ReflectsUncappedStoredValue_NotClampedByGameData" classname="GearEngine.App.Bootstrap.Tests.Editor.CurrencyGameDataTests" runstate="Runnable" seed="1790567445" result="Passed" start-time="2026-07-26 14:19:13Z" end-time="2026-07-26 14:19:13Z" duration="0.000628" asserts="0">
                    <properties>
                      <property name="retryIteration" value="0" />
                      <property name="repeatIteration" value="0" />
                    </properties>
                  </test-case>
                  <test-case id="1010" name="Constructor_SkipsConfiguredId_WhenPersistenceEntryMissing" fullname="GearEngine.App.Bootstrap.Tests.Editor.CurrencyGameDataTests.Constructor_SkipsConfiguredId_WhenPersistenceEntryMissing" methodname="Constructor_SkipsConfiguredId_WhenPersistenceEntryMissing" classname="GearEngine.App.Bootstrap.Tests.Editor.CurrencyGameDataTests" runstate="Runnable" seed="859372641" result="Passed" start-time="2026-07-26 14:19:13Z" end-time="2026-07-26 14:19:13Z" duration="0.000137" asserts="0">
                    <properties>
                      <property name="retryIteration" value="0" />
                      <property name="repeatIteration" value="0" />
                    </properties>
                  </test-case>
                  <test-case id="1011" name="Wallet_CanSpend_RespectsMinFloor" fullname="GearEngine.App.Bootstrap.Tests.Editor.CurrencyGameDataTests.Wallet_CanSpend_RespectsMinFloor" methodname="Wallet_CanSpend_RespectsMinFloor" classname="GearEngine.App.Bootstrap.Tests.Editor.CurrencyGameDataTests" runstate="Runnable" seed="1004403303" result="Passed" start-time="2026-07-26 14:19:13Z" end-time="2026-07-26 14:19:13Z" duration="0.000372" asserts="0">
                    <properties>
                      <property name="retryIteration" value="0" />
                      <property name="repeatIteration" value="0" />
                    </properties>
                  </test-case>
                  <test-case id="1013" name="Wallet_Serialize_IncludesMinWhenSet" fullname="GearEngine.App.Bootstrap.Tests.Editor.CurrencyGameDataTests.Wallet_Serialize_IncludesMinWhenSet" methodname="Wallet_Serialize_IncludesMinWhenSet" classname="GearEngine.App.Bootstrap.Tests.Editor.CurrencyGameDataTests" runstate="Runnable" seed="1787010003" result="Passed" start-time="2026-07-26 14:19:13Z" end-time="2026-07-26 14:19:13Z" duration="0.000941" asserts="0">
                    <properties>
                      <property name="retryIteration" value="0" />
                      <property name="repeatIteration" value="0" />
                    </properties>
                  </test-case>
                  <test-case id="1012" name="Wallet_Serialize_OmitsNullMinMax_AndNoInitial" fullname="GearEngine.App.Bootstrap.Tests.Editor.CurrencyGameDataTests.Wallet_Serialize_OmitsNullMinMax_AndNoInitial" methodname="Wallet_Serialize_OmitsNullMinMax_AndNoInitial" classname="GearEngine.App.Bootstrap.Tests.Editor.CurrencyGameDataTests" runstate="Runnable" seed="1400606327" result="Passed" start-time="2026-07-26 14:19:13Z" end-time="2026-07-26 14:19:13Z" duration="0.000103" asserts="0">
                    <properties>
                      <property name="retryIteration" value="0" />
                      <property name="repeatIteration" value="0" />
                    </properties>
                  </test-case>
                </test-suite>
                <test-suite type="TestFixture" id="1014" name="CurrencyPersistenceSeederTests" fullname="GearEngine.App.Bootstrap.Tests.Editor.CurrencyPersistenceSeederTests" classname="GearEngine.App.Bootstrap.Tests.Editor.CurrencyPersistenceSeederTests" runstate="Runnable" testcasecount="3" result="Passed" start-time="2026-07-26 14:19:13Z" end-time="2026-07-26 14:19:13Z" duration="0.004248" total="3" passed="3" failed="0" inconclusive="0" skipped="0" asserts="0">
                  <properties />
                  <test-case id="1016" name="SeedAndClampInPlace_AboveMax_Clamps_AndReturnsDirty" fullname="GearEngine.App.Bootstrap.Tests.Editor.CurrencyPersistenceSeederTests.SeedAndClampInPlace_AboveMax_Clamps_AndReturnsDirty" methodname="SeedAndClampInPlace_AboveMax_Clamps_AndReturnsDirty" classname="GearEngine.App.Bootstrap.Tests.Editor.CurrencyPersistenceSeederTests" runstate="Runnable" seed="1305384375" result="Passed" start-time="2026-07-26 14:19:13Z" end-time="2026-07-26 14:19:13Z" duration="0.000631" asserts="0">
                    <properties>
                      <property name="retryIteration" value="0" />
                      <property name="repeatIteration" value="0" />
                    </properties>
                  </test-case>
                  <test-case id="1017" name="SeedAndClampInPlace_InBounds_ReturnsClean" fullname="GearEngine.App.Bootstrap.Tests.Editor.CurrencyPersistenceSeederTests.SeedAndClampInPlace_InBounds_ReturnsClean" methodname="SeedAndClampInPlace_InBounds_ReturnsClean" classname="GearEngine.App.Bootstrap.Tests.Editor.CurrencyPersistenceSeederTests" runstate="Runnable" seed="1044060475" result="Passed" start-time="2026-07-26 14:19:13Z" end-time="2026-07-26 14:19:13Z" duration="0.000314" asserts="0">
                    <properties>
                      <property name="retryIteration" value="0" />
                      <property name="repeatIteration" value="0" />
                    </properties>
                  </test-case>
                  <test-case id="1015" name="SeedAndClampInPlace_MissingId_SeedsInitial_AndReturnsDirty" fullname="GearEngine.App.Bootstrap.Tests.Editor.CurrencyPersistenceSeederTests.SeedAndClampInPlace_MissingId_SeedsInitial_AndReturnsDirty" methodname="SeedAndClampInPlace_MissingId_SeedsInitial_AndReturnsDirty" classname="GearEngine.App.Bootstrap.Tests.Editor.CurrencyPersistenceSeederTests" runstate="Runnable" seed="1214273144" result="Passed" start-time="2026-07-26 14:19:13Z" end-time="2026-07-26 14:19:13Z" duration="0.000143" asserts="0">
                    <properties>
                      <property name="retryIteration" value="0" />
                      <property name="repeatIteration" value="0" />
                    </properties>
                  </test-case>
                </test-suite>
                <test-suite type="TestFixture" id="1018" name="PerksClientModuleTests" fullname="GearEngine.App.Bootstrap.Tests.Editor.PerksClientModuleTests" classname="GearEngine.App.Bootstrap.Tests.Editor.PerksClientModuleTests" runstate="Runnable" testcasecount="2" result="Passed" start-time="2026-07-26 14:19:13Z" end-time="2026-07-26 14:19:13Z" duration="0.016649" total="2" passed="2" failed="0" inconclusive="0" skipped="0" asserts="0">
                  <properties />
                  <test-case id="1020" name="PurchaseAsync_WhenServerFails_DoesNotAppendUnlocked" fullname="GearEngine.App.Bootstrap.Tests.Editor.PerksClientModuleTests.PurchaseAsync_WhenServerFails_DoesNotAppendUnlocked" methodname="PurchaseAsync_WhenServerFails_DoesNotAppendUnlocked" classname="GearEngine.App.Bootstrap.Tests.Editor.PerksClientModuleTests" runstate="Runnable" seed="521318345" result="Passed" start-time="2026-07-26 14:19:13Z" end-time="2026-07-26 14:19:13Z" duration="0.009316" asserts="0">
                    <properties>
                      <property name="retryIteration" value="0" />
                      <property name="repeatIteration" value="0" />
                    </properties>
                  </test-case>
                  <test-case id="1019" name="PurchaseAsync_WhenServerSucceeds_AppendsUnlockedAndUpdatesNextCost" fullname="GearEngine.App.Bootstrap.Tests.Editor.PerksClientModuleTests.PurchaseAsync_WhenServerSucceeds_AppendsUnlockedAndUpdatesNextCost" methodname="PurchaseAsync_WhenServerSucceeds_AppendsUnlockedAndUpdatesNextCost" classname="GearEngine.App.Bootstrap.Tests.Editor.PerksClientModuleTests" runstate="Runnable" seed="255803090" result="Passed" start-time="2026-07-26 14:19:13Z" end-time="2026-07-26 14:19:13Z" duration="0.003867" asserts="0">
                    <properties>
                      <property name="retryIteration" value="0" />
                      <property name="repeatIteration" value="0" />
                    </properties>
                  </test-case>
                </test-suite>
              </test-suite>
            </test-suite>
          </test-suite>
        </test-suite>
      </test-suite>
    </test-suite>
    <test-suite type="Assembly" id="1084" name="Game.Campaign.Tests.dll" fullname="/Users/leonardosilva/Documents/MatheusCohen/Gear Engine/Library/ScriptAssemblies/Game.Campaign.Tests.dll" runstate="Runnable" testcasecount="44" result="Failed" site="Child" start-time="2026-07-26 14:19:13Z" end-time="2026-07-26 14:19:14Z" duration="0.759613" total="44" passed="25" failed="19" inconclusive="0" skipped="0" asserts="0">
      <properties>
        <property name="_PID" value="11844" />
        <property name="_APPDOMAIN" value="Unity Child Domain" />
        <property name="platform" value="EditMode" />
        <property name="EditorOnly" value="True" />
      </properties>
      <failure>
        <message><![CDATA[One or more child tests had errors]]></message>
      </failure>
      <test-suite type="TestSuite" id="1085" name="GearEngine" fullname="GearEngine" runstate="Runnable" testcasecount="44" result="Failed" site="Child" start-time="2026-07-26 14:19:13Z" end-time="2026-07-26 14:19:14Z" duration="0.757734" total="44" passed="25" failed="19" inconclusive="0" skipped="0" asserts="0">
        <properties />
        <failure>
          <message><![CDATA[One or more child tests had errors]]></message>
        </failure>
        <test-suite type="TestSuite" id="1089" name="Campaign" fullname="GearEngine.Campaign" runstate="Runnable" testcasecount="43" result="Failed" site="Child" start-time="2026-07-26 14:19:13Z" end-time="2026-07-26 14:19:14Z" duration="0.753010" total="43" passed="25" failed="18" inconclusive="0" skipped="0" asserts="0">
          <properties />
          <failure>
            <message><![CDATA[One or more child tests had errors]]></message>
          </failure>
          <test-suite type="TestSuite" id="1090" name="Tests" fullname="GearEngine.Campaign.Tests" runstate="Runnable" testcasecount="43" result="Failed" site="Child" start-time="2026-07-26 14:19:13Z" end-time="2026-07-26 14:19:14Z" duration="0.752782" total="43" passed="25" failed="18" inconclusive="0" skipped="0" asserts="0">
            <properties />
            <failure>
              <message><![CDATA[One or more child tests had errors]]></message>
            </failure>
            <test-suite type="TestSuite" id="1091" name="Editor" fullname="GearEngine.Campaign.Tests.Editor" runstate="Runnable" testcasecount="43" result="Failed" site="Child" start-time="2026-07-26 14:19:13Z" end-time="2026-07-26 14:19:14Z" duration="0.752421" total="43" passed="25" failed="18" inconclusive="0" skipped="0" asserts="0">
              <properties />
              <failure>
                <message><![CDATA[One or more child tests had errors]]></message>
              </failure>
              <test-suite type="TestFixture" id="1029" name="ActiveRaceViewModelTests" fullname="GearEngine.Campaign.Tests.Editor.ActiveRaceViewModelTests" classname="GearEngine.Campaign.Tests.Editor.ActiveRaceViewModelTests" runstate="Runnable" testcasecount="2" result="Failed" site="Child" start-time="2026-07-26 14:19:13Z" end-time="2026-07-26 14:19:13Z" duration="0.008041" total="2" passed="0" failed="2" inconclusive="0" skipped="0" asserts="0">
                <properties />
                <failure>
                  <message><![CDATA[One or more child tests had errors]]></message>
                </failure>
                <test-case id="1030" name="Initialize_CreatesSessionRegistersRunnerAndStartsEngine" fullname="GearEngine.Campaign.Tests.Editor.ActiveRaceViewModelTests.Initialize_CreatesSessionRegistersRunnerAndStartsEngine" methodname="Initialize_CreatesSessionRegistersRunnerAndStartsEngine" classname="GearEngine.Campaign.Tests.Editor.ActiveRaceViewModelTests" runstate="Runnable" seed="1102640075" result="Failed" label="Error" start-time="2026-07-26 14:19:13Z" end-time="2026-07-26 14:19:13Z" duration="0.006599" asserts="0">
                  <properties>
                    <property name="retryIteration" value="0" />
                    <property name="repeatIteration" value="0" />
                  </properties>
                  <failure>
                    <message><![CDATA[VContainer.VContainerException : Failed to resolve GearEngine.Currency.CurrencyClientModule : No such registration of type: Scaffold.Analytics.IAnalyticsService with Key: ]]></message>
                    <stack-trace><![CDATA[  at VContainer.Internal.ReflectionInjector.CreateInstance (VContainer.IObjectResolver resolver, System.Collections.Generic.IReadOnlyList`1[T] parameters) [0x0009c] in ./Packages/jp.hadashikick.vcontainer/Runtime/Internal/ReflectionInjector.cs:56
  at VContainer.Internal.InstanceProvider.SpawnInstance (VContainer.IObjectResolver resolver) [0x00000] in ./Packages/jp.hadashikick.vcontainer/Runtime/Internal/InstanceProviders/InstanceProvider.cs:21
  at VContainer.Registration.SpawnInstance (VContainer.IObjectResolver resolver) [0x00000] in ./Packages/jp.hadashikick.vcontainer/Runtime/Registration.cs:37
  at VContainer.Container+<>c__DisplayClass12_0.<.ctor>b__1 () [0x00000] in ./Packages/jp.hadashikick.vcontainer/Runtime/Container.cs:222
  at System.Lazy`1[T].ViaFactory (System.Threading.LazyThreadSafetyMode mode) [0x00043] in <299d5c9ae27b4d27af003e5f456f4b13>:0
  at System.Lazy`1[T].ExecutionAndPublication (System.LazyHelper executionAndPublication, System.Boolean useDefaultConstructor) [0x00022] in <299d5c9ae27b4d27af003e5f456f4b13>:0
  at System.Lazy`1[T].CreateValue () [0x00074] in <299d5c9ae27b4d27af003e5f456f4b13>:0
  at System.Lazy`1[T].get_Value () [0x0000a] in <299d5c9ae27b4d27af003e5f456f4b13>:0
  at VContainer.Container.ResolveCore (VContainer.Registration registration) [0x00029] in ./Packages/jp.hadashikick.vcontainer/Runtime/Container.cs:295
  at VContainer.Container.Resolve (VContainer.Registration registration) [0x0002a] in ./Packages/jp.hadashikick.vcontainer/Runtime/Container.cs:258
  at VContainer.Container.Resolve (System.Type type, System.Object key) [0x00010] in ./Packages/jp.hadashikick.vcontainer/Runtime/Container.cs:233
  at VContainer.IObjectResolverExtensions.Resolve[T] (VContainer.IObjectResolver resolver, System.Object key) [0x00000] in ./Packages/jp.hadashikick.vcontainer/Runtime/IObjectResolverExtensions.cs:10
  at GearEngine.Campaign.Tests.Editor.ActiveRaceViewModelTests.Initialize_CreatesSessionRegistersRunnerAndStartsEngine () [0x000cd] in /Users/leonardosilva/Documents/MatheusCohen/Gear Engine/Assets/GearEngine/Scripts/Game/Campaign/Tests/Editor/ActiveRaceViewModelTests.cs:63
  at (wrapper managed-to-native) System.Reflection.RuntimeMethodInfo.InternalInvoke(System.Reflection.RuntimeMethodInfo,object,object[],System.Exception&)
  at System.Reflection.RuntimeMethodInfo.Invoke (System.Object obj, System.Reflection.BindingFlags invokeAttr, System.Reflection.Binder binder, System.Object[] parameters, System.Globalization.CultureInfo culture) [0x0006a] in <299d5c9ae27b4d27af003e5f456f4b13>:0 ]]></stack-trace>
                  </failure>
                </test-case>
                <test-case id="1031" name="WhenTrackCompletes_OpensResultPopupAndCreditsCurrency" fullname="GearEngine.Campaign.Tests.Editor.ActiveRaceViewModelTests.WhenTrackCompletes_OpensResultPopupAndCreditsCurrency" methodname="WhenTrackCompletes_OpensResultPopupAndCreditsCurrency" classname="GearEngine.Campaign.Tests.Editor.ActiveRaceViewModelTests" runstate="Runnable" seed="841486776" result="Failed" label="Error" start-time="2026-07-26 14:19:13Z" end-time="2026-07-26 14:19:13Z" duration="0.000726" asserts="0">
                  <properties>
                    <property name="retryIteration" value="0" />
                    <property name="repeatIteration" value="0" />
                  </properties>
                  <failure>
                    <message><![CDATA[VContainer.VContainerException : Failed to resolve GearEngine.Currency.CurrencyClientModule : No such registration of type: Scaffold.Analytics.IAnalyticsService with Key: ]]></message>
                    <stack-trace><![CDATA[  at VContainer.Internal.ReflectionInjector.CreateInstance (VContainer.IObjectResolver resolver, System.Collections.Generic.IReadOnlyList`1[T] parameters) [0x0009c] in ./Packages/jp.hadashikick.vcontainer/Runtime/Internal/ReflectionInjector.cs:56
  at VContainer.Internal.InstanceProvider.SpawnInstance (VContainer.IObjectResolver resolver) [0x00000] in ./Packages/jp.hadashikick.vcontainer/Runtime/Internal/InstanceProviders/InstanceProvider.cs:21
  at VContainer.Registration.SpawnInstance (VContainer.IObjectResolver resolver) [0x00000] in ./Packages/jp.hadashikick.vcontainer/Runtime/Registration.cs:37
  at VContainer.Container+<>c__DisplayClass12_0.<.ctor>b__1 () [0x00000] in ./Packages/jp.hadashikick.vcontainer/Runtime/Container.cs:222
  at System.Lazy`1[T].ViaFactory (System.Threading.LazyThreadSafetyMode mode) [0x00043] in <299d5c9ae27b4d27af003e5f456f4b13>:0
  at System.Lazy`1[T].ExecutionAndPublication (System.LazyHelper executionAndPublication, System.Boolean useDefaultConstructor) [0x00022] in <299d5c9ae27b4d27af003e5f456f4b13>:0
  at System.Lazy`1[T].CreateValue () [0x00074] in <299d5c9ae27b4d27af003e5f456f4b13>:0
  at System.Lazy`1[T].get_Value () [0x0000a] in <299d5c9ae27b4d27af003e5f456f4b13>:0
  at VContainer.Container.ResolveCore (VContainer.Registration registration) [0x00029] in ./Packages/jp.hadashikick.vcontainer/Runtime/Container.cs:295
  at VContainer.Container.Resolve (VContainer.Registration registration) [0x0002a] in ./Packages/jp.hadashikick.vcontainer/Runtime/Container.cs:258
  at VContainer.Container.Resolve (System.Type type, System.Object key) [0x00010] in ./Packages/jp.hadashikick.vcontainer/Runtime/Container.cs:233
  at VContainer.IObjectResolverExtensions.Resolve[T] (VContainer.IObjectResolver resolver, System.Object key) [0x00000] in ./Packages/jp.hadashikick.vcontainer/Runtime/IObjectResolverExtensions.cs:10
  at GearEngine.Campaign.Tests.Editor.ActiveRaceViewModelTests.WhenTrackCompletes_OpensResultPopupAndCreditsCurrency () [0x000e1] in /Users/leonardosilva/Documents/MatheusCohen/Gear Engine/Assets/GearEngine/Scripts/Game/Campaign/Tests/Editor/ActiveRaceViewModelTests.cs:115
  at (wrapper managed-to-native) System.Reflection.RuntimeMethodInfo.InternalInvoke(System.Reflection.RuntimeMethodInfo,object,object[],System.Exception&)
  at System.Reflection.RuntimeMethodInfo.Invoke (System.Object obj, System.Reflection.BindingFlags invokeAttr, System.Reflection.Binder binder, System.Object[] parameters, System.Globalization.CultureInfo culture) [0x0006a] in <299d5c9ae27b4d27af003e5f456f4b13>:0 ]]></stack-trace>
                  </failure>
                </test-case>
              </test-suite>
              <test-suite type="TestFixture" id="1032" name="CrossPlatformTypeBinderTests" fullname="GearEngine.Campaign.Tests.Editor.CrossPlatformTypeBinderTests" classname="GearEngine.Campaign.Tests.Editor.CrossPlatformTypeBinderTests" runstate="Runnable" testcasecount="1" result="Failed" site="Child" start-time="2026-07-26 14:19:13Z" end-time="2026-07-26 14:19:13Z" duration="0.004558" total="1" passed="0" failed="1" inconclusive="0" skipped="0" asserts="0">
                <properties />
                <failure>
                  <message><![CDATA[One or more child tests had errors]]></message>
                </failure>
                <test-case id="1033" name="BindToType_AcceptsGameLiveOpsTracksDtoAssemblyForTrackGameData" fullname="GearEngine.Campaign.Tests.Editor.CrossPlatformTypeBinderTests.BindToType_AcceptsGameLiveOpsTracksDtoAssemblyForTrackGameData" methodname="BindToType_AcceptsGameLiveOpsTracksDtoAssemblyForTrackGameData" classname="GearEngine.Campaign.Tests.Editor.CrossPlatformTypeBinderTests" runstate="Runnable" seed="1384728902" result="Failed" label="Error" start-time="2026-07-26 14:19:13Z" end-time="2026-07-26 14:19:13Z" duration="0.000531" asserts="0">
                  <properties>
                    <property name="retryIteration" value="0" />
                    <property name="repeatIteration" value="0" />
                  </properties>
                  <failure>
                    <message><![CDATA[System.IO.InvalidDataException : Disallowed $type assembly in JSON payload: Game.LiveOps.Tracks.DTO]]></message>
                    <stack-trace><![CDATA[  at LiveOps.DTO.Json.CrossPlatformTypeBinder.BindToType (System.String assemblyName, System.String typeName) [0x0003f] in <2adf49599b234187bad829b8e22ddc2e>:0
  at GearEngine.Campaign.Tests.Editor.CrossPlatformTypeBinderTests.BindToType_AcceptsGameLiveOpsTracksDtoAssemblyForTrackGameData () [0x00007] in /Users/leonardosilva/Documents/MatheusCohen/Gear Engine/Assets/GearEngine/Scripts/Game/Campaign/Tests/Editor/CrossPlatformTypeBinderTests.cs:12
  at (wrapper managed-to-native) System.Reflection.RuntimeMethodInfo.InternalInvoke(System.Reflection.RuntimeMethodInfo,object,object[],System.Exception&)
  at System.Reflection.RuntimeMethodInfo.Invoke (System.Object obj, System.Reflection.BindingFlags invokeAttr, System.Reflection.Binder binder, System.Object[] parameters, System.Globalization.CultureInfo culture) [0x0006a] in <299d5c9ae27b4d27af003e5f456f4b13>:0 ]]></stack-trace>
                  </failure>
                </test-case>
              </test-suite>
              <test-suite type="TestFixture" id="1034" name="InventoryClientModuleTests" fullname="GearEngine.Campaign.Tests.Editor.InventoryClientModuleTests" classname="GearEngine.Campaign.Tests.Editor.InventoryClientModuleTests" runstate="Runnable" testcasecount="5" result="Passed" start-time="2026-07-26 14:19:13Z" end-time="2026-07-26 14:19:13Z" duration="0.015376" total="5" passed="5" failed="0" inconclusive="0" skipped="0" asserts="0">
                <properties />
                <test-case id="1035" name="Add_AppendsOwned_AndSendsSetInventoryRequest" fullname="GearEngine.Campaign.Tests.Editor.InventoryClientModuleTests.Add_AppendsOwned_AndSendsSetInventoryRequest" methodname="Add_AppendsOwned_AndSendsSetInventoryRequest" classname="GearEngine.Campaign.Tests.Editor.InventoryClientModuleTests" runstate="Runnable" seed="2129600068" result="Passed" start-time="2026-07-26 14:19:13Z" end-time="2026-07-26 14:19:13Z" duration="0.007037" asserts="0">
                  <properties>
                    <property name="retryIteration" value="0" />
                    <property name="repeatIteration" value="0" />
                  </properties>
                  <output><![CDATA[[InventoryClientModule] SetInventoryRequest starting (1 gear(s))...
[InventoryClientModule] SetInventoryRequest finished OK (1 gear(s)).
]]></output>
                </test-case>
                <test-case id="1037" name="Clear_RemovesAllOwned_AndSendsEmptySetInventoryRequest" fullname="GearEngine.Campaign.Tests.Editor.InventoryClientModuleTests.Clear_RemovesAllOwned_AndSendsEmptySetInventoryRequest" methodname="Clear_RemovesAllOwned_AndSendsEmptySetInventoryRequest" classname="GearEngine.Campaign.Tests.Editor.InventoryClientModuleTests" runstate="Runnable" seed="1401062518" result="Passed" start-time="2026-07-26 14:19:13Z" end-time="2026-07-26 14:19:13Z" duration="0.003620" asserts="0">
                  <properties>
                    <property name="retryIteration" value="0" />
                    <property name="repeatIteration" value="0" />
                  </properties>
                  <output><![CDATA[[InventoryClientModule] SetInventoryRequest starting (1 gear(s))...
[InventoryClientModule] SetInventoryRequest finished OK (1 gear(s)).
[InventoryClientModule] SetInventoryRequest starting (2 gear(s))...
[InventoryClientModule] SetInventoryRequest finished OK (2 gear(s)).
[InventoryClientModule] SetInventoryRequest starting (0 gear(s))...
[InventoryClientModule] SetInventoryRequest finished OK (0 gear(s)).
]]></output>
                </test-case>
                <test-case id="1038" name="Clear_WhenAlreadyEmpty_DoesNotRaiseEvent" fullname="GearEngine.Campaign.Tests.Editor.InventoryClientModuleTests.Clear_WhenAlreadyEmpty_DoesNotRaiseEvent" methodname="Clear_WhenAlreadyEmpty_DoesNotRaiseEvent" classname="GearEngine.Campaign.Tests.Editor.InventoryClientModuleTests" runstate="Runnable" seed="1345902946" result="Passed" start-time="2026-07-26 14:19:13Z" end-time="2026-07-26 14:19:13Z" duration="0.000371" asserts="0">
                  <properties>
                    <property name="retryIteration" value="0" />
                    <property name="repeatIteration" value="0" />
                  </properties>
                </test-case>
                <test-case id="1039" name="InventoryGameData_SetsMotorCogGearId_FromStartingGearIdsFirstEntry" fullname="GearEngine.Campaign.Tests.Editor.InventoryClientModuleTests.InventoryGameData_SetsMotorCogGearId_FromStartingGearIdsFirstEntry" methodname="InventoryGameData_SetsMotorCogGearId_FromStartingGearIdsFirstEntry" classname="GearEngine.Campaign.Tests.Editor.InventoryClientModuleTests" runstate="Runnable" seed="1106359989" result="Passed" start-time="2026-07-26 14:19:13Z" end-time="2026-07-26 14:19:13Z" duration="0.000146" asserts="0">
                  <properties>
                    <property name="retryIteration" value="0" />
                    <property name="repeatIteration" value="0" />
                  </properties>
                </test-case>
                <test-case id="1036" name="Remove_ByReference_RemovesOwned" fullname="GearEngine.Campaign.Tests.Editor.InventoryClientModuleTests.Remove_ByReference_RemovesOwned" methodname="Remove_ByReference_RemovesOwned" classname="GearEngine.Campaign.Tests.Editor.InventoryClientModuleTests" runstate="Runnable" seed="871598773" result="Passed" start-time="2026-07-26 14:19:13Z" end-time="2026-07-26 14:19:13Z" duration="0.001546" asserts="0">
                  <properties>
                    <property name="retryIteration" value="0" />
                    <property name="repeatIteration" value="0" />
                  </properties>
                  <output><![CDATA[[InventoryClientModule] SetInventoryRequest starting (1 gear(s))...
[InventoryClientModule] SetInventoryRequest finished OK (1 gear(s)).
]]></output>
                </test-case>
              </test-suite>
              <test-suite type="TestFixture" id="1040" name="ItemsViewModelTests" fullname="GearEngine.Campaign.Tests.Editor.ItemsViewModelTests" classname="GearEngine.Campaign.Tests.Editor.ItemsViewModelTests" runstate="Runnable" testcasecount="5" result="Failed" site="Child" start-time="2026-07-26 14:19:13Z" end-time="2026-07-26 14:19:13Z" duration="0.027495" total="5" passed="0" failed="5" inconclusive="0" skipped="0" asserts="0">
                <properties />
                <failure>
                  <message><![CDATA[One or more child tests had errors]]></message>
                </failure>
                <test-case id="1044" name="BurnPerk_CallsBurnOnClientAndUpdatesRevision" fullname="GearEngine.Campaign.Tests.Editor.ItemsViewModelTests.BurnPerk_CallsBurnOnClientAndUpdatesRevision" methodname="BurnPerk_CallsBurnOnClientAndUpdatesRevision" classname="GearEngine.Campaign.Tests.Editor.ItemsViewModelTests" runstate="Runnable" seed="1741904969" result="Failed" start-time="2026-07-26 14:19:13Z" end-time="2026-07-26 14:19:13Z" duration="0.014032" asserts="0">
                  <properties>
                    <property name="retryIteration" value="0" />
                    <property name="repeatIteration" value="0" />
                  </properties>
                  <failure>
                    <message><![CDATA[Unhandled log message: '[Error] [ItemsViewModel] LoadItemsAsync failed: Value cannot be null.
Parameter name: navigation'. Use UnityEngine.TestTools.LogAssert.Expect]]></message>
                    <stack-trace><![CDATA[GearEngine.Campaign.Presentation.ItemsViewModel/<LoadItemsAsync>d__32:MoveNext () (at Assets/GearEngine/Scripts/Game/Campaign/Presentation/ItemsViewModel.cs:185)
System.Runtime.CompilerServices.AsyncTaskMethodBuilder:Start<GearEngine.Campaign.Presentation.ItemsViewModel/<LoadItemsAsync>d__32> (GearEngine.Campaign.Presentation.ItemsViewModel/<LoadItemsAsync>d__32&)
GearEngine.Campaign.Presentation.ItemsViewModel:LoadItemsAsync (System.Threading.CancellationToken)
GearEngine.Campaign.Presentation.ItemsViewModel:Initialize () (at Assets/GearEngine/Scripts/Game/Campaign/Presentation/ItemsViewModel.cs:68)
System.Reflection.MethodBase:Invoke (object,object[])
GearEngine.Campaign.Tests.Editor.ViewModelTestInject:InvokeInitialize (Scaffold.MVVM.ViewModel) (at Assets/GearEngine/Scripts/Game/Campaign/Tests/Editor/ViewModelTestInject.cs:16)
GearEngine.Campaign.Tests.Editor.ItemsViewModelTests/<BurnPerk_CallsBurnOnClientAndUpdatesRevision>d__6:MoveNext () (at Assets/GearEngine/Scripts/Game/Campaign/Tests/Editor/ItemsViewModelTests.cs:120)
System.Runtime.CompilerServices.AsyncTaskMethodBuilder:Start<GearEngine.Campaign.Tests.Editor.ItemsViewModelTests/<BurnPerk_CallsBurnOnClientAndUpdatesRevision>d__6> (GearEngine.Campaign.Tests.Editor.ItemsViewModelTests/<BurnPerk_CallsBurnOnClientAndUpdatesRevision>d__6&)
GearEngine.Campaign.Tests.Editor.ItemsViewModelTests:BurnPerk_CallsBurnOnClientAndUpdatesRevision ()
UnityEditor.EditorApplication:Internal_CallUpdateFunctions () (at /Users/bokken/build/output/unity/unity/Editor/Mono/EditorApplication.cs:403)

]]></stack-trace>
                  </failure>
                  <output><![CDATA[[ItemsViewModel] LoadItemsAsync failed: Value cannot be null.
Parameter name: navigation
[ItemsViewModel] BurnItem failed: Value cannot be null.
Parameter name: navigation
]]></output>
                </test-case>
                <test-case id="1045" name="BurnPerk_DoesNotUpdateRevisionOnFailure" fullname="GearEngine.Campaign.Tests.Editor.ItemsViewModelTests.BurnPerk_DoesNotUpdateRevisionOnFailure" methodname="BurnPerk_DoesNotUpdateRevisionOnFailure" classname="GearEngine.Campaign.Tests.Editor.ItemsViewModelTests" runstate="Runnable" seed="265712117" result="Failed" start-time="2026-07-26 14:19:13Z" end-time="2026-07-26 14:19:13Z" duration="0.004722" asserts="0">
                  <properties>
                    <property name="retryIteration" value="0" />
                    <property name="repeatIteration" value="0" />
                  </properties>
                  <failure>
                    <message><![CDATA[Unhandled log message: '[Error] [ItemsViewModel] LoadItemsAsync failed: Value cannot be null.
Parameter name: navigation'. Use UnityEngine.TestTools.LogAssert.Expect]]></message>
                    <stack-trace><![CDATA[GearEngine.Campaign.Presentation.ItemsViewModel/<LoadItemsAsync>d__32:MoveNext () (at Assets/GearEngine/Scripts/Game/Campaign/Presentation/ItemsViewModel.cs:185)
System.Runtime.CompilerServices.AsyncTaskMethodBuilder:Start<GearEngine.Campaign.Presentation.ItemsViewModel/<LoadItemsAsync>d__32> (GearEngine.Campaign.Presentation.ItemsViewModel/<LoadItemsAsync>d__32&)
GearEngine.Campaign.Presentation.ItemsViewModel:LoadItemsAsync (System.Threading.CancellationToken)
GearEngine.Campaign.Presentation.ItemsViewModel:Initialize () (at Assets/GearEngine/Scripts/Game/Campaign/Presentation/ItemsViewModel.cs:68)
System.Reflection.MethodBase:Invoke (object,object[])
GearEngine.Campaign.Tests.Editor.ViewModelTestInject:InvokeInitialize (Scaffold.MVVM.ViewModel) (at Assets/GearEngine/Scripts/Game/Campaign/Tests/Editor/ViewModelTestInject.cs:16)
GearEngine.Campaign.Tests.Editor.ItemsViewModelTests/<BurnPerk_DoesNotUpdateRevisionOnFailure>d__7:MoveNext () (at Assets/GearEngine/Scripts/Game/Campaign/Tests/Editor/ItemsViewModelTests.cs:141)
System.Runtime.CompilerServices.AsyncTaskMethodBuilder:Start<GearEngine.Campaign.Tests.Editor.ItemsViewModelTests/<BurnPerk_DoesNotUpdateRevisionOnFailure>d__7> (GearEngine.Campaign.Tests.Editor.ItemsViewModelTests/<BurnPerk_DoesNotUpdateRevisionOnFailure>d__7&)
GearEngine.Campaign.Tests.Editor.ItemsViewModelTests:BurnPerk_DoesNotUpdateRevisionOnFailure ()
UnityEditor.EditorApplication:Internal_CallUpdateFunctions () (at /Users/bokken/build/output/unity/unity/Editor/Mono/EditorApplication.cs:403)

]]></stack-trace>
                  </failure>
                  <output><![CDATA[[ItemsViewModel] LoadItemsAsync failed: Value cannot be null.
Parameter name: navigation
]]></output>
                </test-case>
                <test-case id="1042" name="BuyRandom_AddsNewItemWhenPerkIsNew" fullname="GearEngine.Campaign.Tests.Editor.ItemsViewModelTests.BuyRandom_AddsNewItemWhenPerkIsNew" methodname="BuyRandom_AddsNewItemWhenPerkIsNew" classname="GearEngine.Campaign.Tests.Editor.ItemsViewModelTests" runstate="Runnable" seed="970575012" result="Failed" start-time="2026-07-26 14:19:13Z" end-time="2026-07-26 14:19:13Z" duration="0.003608" asserts="0">
                  <properties>
                    <property name="retryIteration" value="0" />
                    <property name="repeatIteration" value="0" />
                  </properties>
                  <failure>
                    <message><![CDATA[  Expected: 1
  But was:  0
]]></message>
                    <stack-trace><![CDATA[at GearEngine.Campaign.Tests.Editor.ItemsViewModelTests.BuyRandom_AddsNewItemWhenPerkIsNew () [0x00075] in /Users/leonardosilva/Documents/MatheusCohen/Gear Engine/Assets/GearEngine/Scripts/Game/Campaign/Tests/Editor/ItemsViewModelTests.cs:83
]]></stack-trace>
                  </failure>
                  <output><![CDATA[[ItemsViewModel] LoadItemsAsync failed: Value cannot be null.
Parameter name: navigation
[ItemsViewModel] BuyRandom failed: Value cannot be null.
Parameter name: navigation
]]></output>
                </test-case>
                <test-case id="1043" name="BuyRandom_DoesNotModifyListOnFailedPurchase" fullname="GearEngine.Campaign.Tests.Editor.ItemsViewModelTests.BuyRandom_DoesNotModifyListOnFailedPurchase" methodname="BuyRandom_DoesNotModifyListOnFailedPurchase" classname="GearEngine.Campaign.Tests.Editor.ItemsViewModelTests" runstate="Runnable" seed="2032948550" result="Failed" start-time="2026-07-26 14:19:13Z" end-time="2026-07-26 14:19:13Z" duration="0.000907" asserts="0">
                  <properties>
                    <property name="retryIteration" value="0" />
                    <property name="repeatIteration" value="0" />
                  </properties>
                  <failure>
                    <message><![CDATA[Unhandled log message: '[Error] [ItemsViewModel] LoadItemsAsync failed: Value cannot be null.
Parameter name: navigation'. Use UnityEngine.TestTools.LogAssert.Expect]]></message>
                    <stack-trace><![CDATA[GearEngine.Campaign.Presentation.ItemsViewModel/<LoadItemsAsync>d__32:MoveNext () (at Assets/GearEngine/Scripts/Game/Campaign/Presentation/ItemsViewModel.cs:185)
System.Runtime.CompilerServices.AsyncTaskMethodBuilder:Start<GearEngine.Campaign.Presentation.ItemsViewModel/<LoadItemsAsync>d__32> (GearEngine.Campaign.Presentation.ItemsViewModel/<LoadItemsAsync>d__32&)
GearEngine.Campaign.Presentation.ItemsViewModel:LoadItemsAsync (System.Threading.CancellationToken)
GearEngine.Campaign.Presentation.ItemsViewModel:Initialize () (at Assets/GearEngine/Scripts/Game/Campaign/Presentation/ItemsViewModel.cs:68)
System.Reflection.MethodBase:Invoke (object,object[])
GearEngine.Campaign.Tests.Editor.ViewModelTestInject:InvokeInitialize (Scaffold.MVVM.ViewModel) (at Assets/GearEngine/Scripts/Game/Campaign/Tests/Editor/ViewModelTestInject.cs:16)
GearEngine.Campaign.Tests.Editor.ItemsViewModelTests:BuyRandom_DoesNotModifyListOnFailedPurchase () (at Assets/GearEngine/Scripts/Game/Campaign/Tests/Editor/ItemsViewModelTests.cs:100)
System.Reflection.MethodBase:Invoke (object,object[])
NUnit.Framework.Internal.Reflect:InvokeMethod (System.Reflection.MethodInfo,object,object[])
NUnit.Framework.Internal.MethodWrapper:Invoke (object,object[])
NUnit.Framework.Internal.Commands.TestMethodCommand:RunNonAsyncTestMethod (NUnit.Framework.Internal.ITestExecutionContext)
NUnit.Framework.Internal.Commands.TestMethodCommand:RunTestMethod (NUnit.Framework.Internal.ITestExecutionContext)
NUnit.Framework.Internal.Commands.TestMethodCommand:Execute (NUnit.Framework.Internal.ITestExecutionContext)
UnityEditor.EditorApplication:Internal_CallUpdateFunctions () (at /Users/bokken/build/output/unity/unity/Editor/Mono/EditorApplication.cs:403)

]]></stack-trace>
                  </failure>
                  <output><![CDATA[[ItemsViewModel] LoadItemsAsync failed: Value cannot be null.
Parameter name: navigation
]]></output>
                </test-case>
                <test-case id="1041" name="Initialize_BuildsItemListFromOwnedPerks" fullname="GearEngine.Campaign.Tests.Editor.ItemsViewModelTests.Initialize_BuildsItemListFromOwnedPerks" methodname="Initialize_BuildsItemListFromOwnedPerks" classname="GearEngine.Campaign.Tests.Editor.ItemsViewModelTests" runstate="Runnable" seed="1617632620" result="Failed" start-time="2026-07-26 14:19:13Z" end-time="2026-07-26 14:19:13Z" duration="0.000868" asserts="0">
                  <properties>
                    <property name="retryIteration" value="0" />
                    <property name="repeatIteration" value="0" />
                  </properties>
                  <failure>
                    <message><![CDATA[  Expected: 3
  But was:  0
]]></message>
                    <stack-trace><![CDATA[at GearEngine.Campaign.Tests.Editor.ItemsViewModelTests.Initialize_BuildsItemListFromOwnedPerks () [0x00066] in /Users/leonardosilva/Documents/MatheusCohen/Gear Engine/Assets/GearEngine/Scripts/Game/Campaign/Tests/Editor/ItemsViewModelTests.cs:63
]]></stack-trace>
                  </failure>
                  <output><![CDATA[[ItemsViewModel] LoadItemsAsync failed: Value cannot be null.
Parameter name: navigation
]]></output>
                </test-case>
              </test-suite>
              <test-suite type="TestFixture" id="1046" name="LiveOpsConfigBuilderAndRcTests" fullname="GearEngine.Campaign.Tests.Editor.LiveOpsConfigBuilderAndRcTests" classname="GearEngine.Campaign.Tests.Editor.LiveOpsConfigBuilderAndRcTests" runstate="Runnable" testcasecount="7" result="Failed" site="Child" start-time="2026-07-26 14:19:13Z" end-time="2026-07-26 14:19:13Z" duration="0.123916" total="7" passed="5" failed="2" inconclusive="0" skipped="0" asserts="0">
                <properties />
                <failure>
                  <message><![CDATA[One or more child tests had errors]]></message>
                </failure>
                <test-case id="1053" name="Builder_ConfigKeys_Match_ServerModule_Contract" fullname="GearEngine.Campaign.Tests.Editor.LiveOpsConfigBuilderAndRcTests.Builder_ConfigKeys_Match_ServerModule_Contract" methodname="Builder_ConfigKeys_Match_ServerModule_Contract" classname="GearEngine.Campaign.Tests.Editor.LiveOpsConfigBuilderAndRcTests" runstate="Runnable" seed="1046585370" result="Failed" start-time="2026-07-26 14:19:13Z" end-time="2026-07-26 14:19:13Z" duration="0.001658" asserts="0">
                  <properties>
                    <property name="retryIteration" value="0" />
                    <property name="repeatIteration" value="0" />
                  </properties>
                  <failure>
                    <message><![CDATA[  Expected string length 8 but was 10. Strings differ at index 4.
  Expected: "PerkItem"
  But was:  "PerkConfig"
  ---------------^
]]></message>
                    <stack-trace><![CDATA[at GearEngine.Campaign.Tests.Editor.LiveOpsConfigBuilderAndRcTests.Builder_ConfigKeys_Match_ServerModule_Contract () [0x00039] in /Users/leonardosilva/Documents/MatheusCohen/Gear Engine/Assets/GearEngine/Scripts/Game/Campaign/Tests/Editor/LiveOpsConfigBuilderAndRcTests.cs:102
]]></stack-trace>
                  </failure>
                </test-case>
                <test-case id="1049" name="CurrencyConfigBuilderSO_Default_Build_Matches_CurrencyRc" fullname="GearEngine.Campaign.Tests.Editor.LiveOpsConfigBuilderAndRcTests.CurrencyConfigBuilderSO_Default_Build_Matches_CurrencyRc" methodname="CurrencyConfigBuilderSO_Default_Build_Matches_CurrencyRc" classname="GearEngine.Campaign.Tests.Editor.LiveOpsConfigBuilderAndRcTests" runstate="Runnable" seed="1052798479" result="Passed" start-time="2026-07-26 14:19:13Z" end-time="2026-07-26 14:19:13Z" duration="0.011478" asserts="0">
                  <properties>
                    <property name="retryIteration" value="0" />
                    <property name="repeatIteration" value="0" />
                  </properties>
                </test-case>
                <test-case id="1050" name="InventoryConfigBuilderSO_Default_Build_Matches_InventoryRc" fullname="GearEngine.Campaign.Tests.Editor.LiveOpsConfigBuilderAndRcTests.InventoryConfigBuilderSO_Default_Build_Matches_InventoryRc" methodname="InventoryConfigBuilderSO_Default_Build_Matches_InventoryRc" classname="GearEngine.Campaign.Tests.Editor.LiveOpsConfigBuilderAndRcTests" runstate="Runnable" seed="1615716408" result="Passed" start-time="2026-07-26 14:19:13Z" end-time="2026-07-26 14:19:13Z" duration="0.070577" asserts="0">
                  <properties>
                    <property name="retryIteration" value="0" />
                    <property name="repeatIteration" value="0" />
                  </properties>
                </test-case>
                <test-case id="1051" name="LoadoutConfigBuilderSO_Default_Build_Matches_LoadoutRc" fullname="GearEngine.Campaign.Tests.Editor.LiveOpsConfigBuilderAndRcTests.LoadoutConfigBuilderSO_Default_Build_Matches_LoadoutRc" methodname="LoadoutConfigBuilderSO_Default_Build_Matches_LoadoutRc" classname="GearEngine.Campaign.Tests.Editor.LiveOpsConfigBuilderAndRcTests" runstate="Runnable" seed="2077852773" result="Passed" start-time="2026-07-26 14:19:13Z" end-time="2026-07-26 14:19:13Z" duration="0.004013" asserts="0">
                  <properties>
                    <property name="retryIteration" value="0" />
                    <property name="repeatIteration" value="0" />
                  </properties>
                </test-case>
                <test-case id="1048" name="PerkConfigBuilderSO_Default_Build_Matches_PerkRc" fullname="GearEngine.Campaign.Tests.Editor.LiveOpsConfigBuilderAndRcTests.PerkConfigBuilderSO_Default_Build_Matches_PerkRc" methodname="PerkConfigBuilderSO_Default_Build_Matches_PerkRc" classname="GearEngine.Campaign.Tests.Editor.LiveOpsConfigBuilderAndRcTests" runstate="Runnable" seed="204769680" result="Passed" start-time="2026-07-26 14:19:13Z" end-time="2026-07-26 14:19:13Z" duration="0.015285" asserts="0">
                  <properties>
                    <property name="retryIteration" value="0" />
                    <property name="repeatIteration" value="0" />
                  </properties>
                </test-case>
                <test-case id="1052" name="RoguelikeConfigBuilderSO_Default_Build_Matches_RoguelikeRc" fullname="GearEngine.Campaign.Tests.Editor.LiveOpsConfigBuilderAndRcTests.RoguelikeConfigBuilderSO_Default_Build_Matches_RoguelikeRc" methodname="RoguelikeConfigBuilderSO_Default_Build_Matches_RoguelikeRc" classname="GearEngine.Campaign.Tests.Editor.LiveOpsConfigBuilderAndRcTests" runstate="Runnable" seed="1702604346" result="Passed" start-time="2026-07-26 14:19:13Z" end-time="2026-07-26 14:19:13Z" duration="0.002617" asserts="0">
                  <properties>
                    <property name="retryIteration" value="0" />
                    <property name="repeatIteration" value="0" />
                  </properties>
                </test-case>
                <test-case id="1047" name="TrackConfigBuilderSO_Default_Build_Matches_TrackRc" fullname="GearEngine.Campaign.Tests.Editor.LiveOpsConfigBuilderAndRcTests.TrackConfigBuilderSO_Default_Build_Matches_TrackRc" methodname="TrackConfigBuilderSO_Default_Build_Matches_TrackRc" classname="GearEngine.Campaign.Tests.Editor.LiveOpsConfigBuilderAndRcTests" runstate="Runnable" seed="922541046" result="Failed" start-time="2026-07-26 14:19:13Z" end-time="2026-07-26 14:19:13Z" duration="0.013112" asserts="0">
                  <properties>
                    <property name="retryIteration" value="0" />
                    <property name="repeatIteration" value="0" />
                  </properties>
                  <failure>
                    <message><![CDATA[  Run Window → LiveOps → Configs → Sync for TrackConfig. Expected:
{
  "entries": {
    "TrackConfig": {
      "entries": [
        {
          "id": "DShapeTrack",
          "baseReward": 10,
          "bands": [
            {
              "maxSec": 34.5865555,
              "tgtScore": 5000,
              "r": 1000
            },
            {
              "maxSec": 45.39485,
              "tgtScore": 3000,
              "r": 500
            },
            {
              "maxSec": 56.2031479,
              "tgtScore": 1000,
              "r": 200
            }
          ]
        },
        {
          "id": "Figure8Track",
          "baseReward": 10,
          "bands": [
            {
              "maxSec": 56.2662048,
              "tgtScore": 5000,
              "r": 1000
            },
            {
              "maxSec": 73.84939,
              "tgtScore": 3000,
              "r": 500
            },
            {
              "maxSec": 91.43258,
              "tgtScore": 1000,
              "r": 200
            }
          ]
        },
        {
          "id": "HairpinTrack",
          "baseReward": 10,
          "bands": [
            {
              "maxSec": 41.74065,
              "tgtScore": 5000,
              "r": 1000
            },
            {
              "maxSec": 54.7846,
              "tgtScore": 3000,
              "r": 500
            },
            {
              "maxSec": 67.82855,
              "tgtScore": 1000,
              "r": 200
            }
          ]
        },
        {
          "id": "CircleTrack",
          "baseReward": 10,
          "bands": [
            {
              "maxSec": 25.1331882,
              "tgtScore": 5000,
              "r": 1000
            },
            {
              "maxSec": 32.98731,
              "tgtScore": 3000,
              "r": 500
            },
            {
              "maxSec": 40.84143,
              "tgtScore": 1000,
              "r": 200
            }
          ]
        },
        {
          "id": "InfinityTrack",
          "baseReward": 10,
          "bands": [
            {
              "maxSec": 38.3594627,
              "tgtScore": 5000,
              "r": 1000
            },
            {
              "maxSec": 50.3467941,
              "tgtScore": 3000,
              "r": 500
            },
            {
              "maxSec": 62.3341255,
              "tgtScore": 1000,
              "r": 200
            }
          ]
        },
        {
          "id": "KidneyTrack",
          "baseReward": 10,
          "bands": [
            {
              "maxSec": 53.9342766,
              "tgtScore": 5000,
              "r": 1000
            },
            {
              "maxSec": 70.7887344,
              "tgtScore": 3000,
              "r": 500
            },
            {
              "maxSec": 87.6431961,
              "tgtScore": 1000,
              "r": 200
            }
          ]
        },
        {
          "id": "LShapeTrack",
          "baseReward": 10,
          "bands": [
            {
              "maxSec": 25.0167866,
              "tgtScore": 5000,
              "r": 1000
            },
            {
              "maxSec": 32.83453,
              "tgtScore": 3000,
              "r": 500
            },
            {
              "maxSec": 40.6522751,
              "tgtScore": 1000,
              "r": 200
            }
          ]
        },
        {
          "id": "OvalTrack",
          "baseReward": 10,
          "bands": [
            {
              "maxSec": 27.4221249,
              "tgtScore": 5000,
              "r": 1000
            },
            {
              "maxSec": 35.99154,
              "tgtScore": 3000,
              "r": 500
            },
            {
              "maxSec": 44.56095,
              "tgtScore": 1000,
              "r": 200
            }
          ]
        },
        {
          "id": "PeanutTrack",
          "baseReward": 10,
          "bands": [
            {
              "maxSec": 61.1035347,
              "tgtScore": 5000,
              "r": 1000
            },
            {
              "maxSec": 80.19839,
              "tgtScore": 3000,
              "r": 500
            },
            {
              "maxSec": 99.2932358,
              "tgtScore": 1000,
              "r": 200
            }
          ]
        },
        {
          "id": "RoundedSquareTrack",
          "baseReward": 10,
          "bands": [
            {
              "maxSec": 30.168848,
              "tgtScore": 5000,
              "r": 1000
            },
            {
              "maxSec": 39.59661,
              "tgtScore": 3000,
              "r": 500
            },
            {
              "maxSec": 49.0243759,
              "tgtScore": 1000,
              "r": 200
            }
          ]
        },
        {
          "id": "SCurveTrack",
          "baseReward": 10,
          "bands": [
            {
              "maxSec": 44.54889,
              "tgtScore": 5000,
              "r": 1000
            },
            {
              "maxSec": 58.4704132,
              "tgtScore": 3000,
              "r": 500
            },
            {
              "maxSec": 72.3919449,
              "tgtScore": 1000,
              "r": 200
            }
          ]
        },
        {
          "id": "StarTrack",
          "baseReward": 10,
          "bands": [
            {
              "maxSec": 45.2688179,
              "tgtScore": 5000,
              "r": 1000
            },
            {
              "maxSec": 59.41532,
              "tgtScore": 3000,
              "r": 500
            },
            {
              "maxSec": 73.56183,
              "tgtScore": 1000,
              "r": 200
            }
          ]
        },
        {
          "id": "TriangleTrack",
          "baseReward": 10,
          "bands": [
            {
              "maxSec": 17.409071,
              "tgtScore": 5000,
              "r": 1000
            },
            {
              "maxSec": 22.8494034,
              "tgtScore": 3000,
              "r": 500
            },
            {
              "maxSec": 28.2897377,
              "tgtScore": 1000,
              "r": 200
            }
          ]
        },
        {
          "id": "ZigZagTrack",
          "baseReward": 10,
          "bands": [
            {
              "maxSec": 33.74593,
              "tgtScore": 5000,
              "r": 1000
            },
            {
              "maxSec": 44.29153,
              "tgtScore": 3000,
              "r": 500
            },
            {
              "maxSec": 54.83713,
              "tgtScore": 1000,
              "r": 200
            }
          ]
        }
      ]
    }
  }
}


Disk:
{
  "entries": {
    "TrackConfig": {
      "entries": [
        {
          "id": "DShapeTrack",
          "baseReward": 10,
          "bands": [
            {
              "maxSec": 40.0,
              "tgtScore": 5000,
              "r": 1000
            },
            {
              "maxSec": 50.0,
              "tgtScore": 3000,
              "r": 500
            },
            {
              "maxSec": 60.0,
              "tgtScore": 1000,
              "r": 200
            }
          ]
        },
        {
          "id": "Figure8Track",
          "baseReward": 10,
          "bands": [
            {
              "maxSec": 40.0,
              "tgtScore": 5000,
              "r": 1000
            },
            {
              "maxSec": 50.0,
              "tgtScore": 3000,
              "r": 500
            },
            {
              "maxSec": 60.0,
              "tgtScore": 1000,
              "r": 200
            }
          ]
        },
        {
          "id": "HairpinTrack",
          "baseReward": 10,
          "bands": [
            {
              "maxSec": 40.0,
              "tgtScore": 5000,
              "r": 1000
            },
            {
              "maxSec": 50.0,
              "tgtScore": 3000,
              "r": 500
            },
            {
              "maxSec": 60.0,
              "tgtScore": 1000,
              "r": 200
            }
          ]
        },
        {
          "id": "CircleTrack",
          "baseReward": 10,
          "bands": []
        },
        {
          "id": "InfinityTrack",
          "baseReward": 10,
          "bands": []
        },
        {
          "id": "KidneyTrack",
          "baseReward": 10,
          "bands": [
            {
              "maxSec": 40.0,
              "tgtScore": 5000,
              "r": 1000
            },
            {
              "maxSec": 50.0,
              "tgtScore": 3000,
              "r": 500
            },
            {
              "maxSec": 60.0,
              "tgtScore": 1000,
              "r": 200
            }
          ]
        },
        {
          "id": "LShapeTrack",
          "baseReward": 10,
          "bands": [
            {
              "maxSec": 40.0,
              "tgtScore": 5000,
              "r": 1000
            },
            {
              "maxSec": 50.0,
              "tgtScore": 3000,
              "r": 500
            },
            {
              "maxSec": 60.0,
              "tgtScore": 1000,
              "r": 200
            }
          ]
        },
        {
          "id": "OvalTrack",
          "baseReward": 10,
          "bands": []
        },
        {
          "id": "PeanutTrack",
          "baseReward": 10,
          "bands": [
            {
              "maxSec": 40.0,
              "tgtScore": 5000,
              "r": 1000
            },
            {
              "maxSec": 50.0,
              "tgtScore": 3000,
              "r": 500
            },
            {
              "maxSec": 60.0,
              "tgtScore": 1000,
              "r": 200
            }
          ]
        },
        {
          "id": "RoundedSquareTrack",
          "baseReward": 10,
          "bands": []
        },
        {
          "id": "SCurveTrack",
          "baseReward": 10,
          "bands": [
            {
              "maxSec": 40.0,
              "tgtScore": 5000,
              "r": 1000
            },
            {
              "maxSec": 50.0,
              "tgtScore": 3000,
              "r": 500
            },
            {
              "maxSec": 60.0,
              "tgtScore": 1000,
              "r": 200
            }
          ]
        },
        {
          "id": "SquareTrack",
          "baseReward": 10,
          "bands": []
        },
        {
          "id": "StarTrack",
          "baseReward": 10,
          "bands": [
            {
              "maxSec": 40.0,
              "tgtScore": 5000,
              "r": 1000
            },
            {
              "maxSec": 50.0,
              "tgtScore": 3000,
              "r": 500
            },
            {
              "maxSec": 60.0,
              "tgtScore": 1000,
              "r": 200
            }
          ]
        },
        {
          "id": "TriangleTrack",
          "baseReward": 10,
          "bands": [
            {
[...]
                  <properties />
                  <test-case id="1388" name="DeferredRebake_CoalescesSameTargetPath" fullname="Scaffold.AppFlow.Publishers.Tests.Editor.AssetPublisherDefinitionDrawerDeferredRebakeTests.DeferredRebake_CoalescesSameTargetPath" methodname="DeferredRebake_CoalescesSameTargetPath" classname="Scaffold.AppFlow.Publishers.Tests.Editor.AssetPublisherDefinitionDrawerDeferredRebakeTests" runstate="Runnable" seed="321706480" result="Passed" start-time="2026-07-26 14:19:16Z" end-time="2026-07-26 14:19:16Z" duration="0.003533" asserts="0">
                    <properties>
                      <property name="retryIteration" value="0" />
                      <property name="repeatIteration" value="0" />
                    </properties>
                  </test-case>
                </test-suite>
                <test-suite type="TestFixture" id="1389" name="AssetPublisherDefinitionTests" fullname="Scaffold.AppFlow.Publishers.Tests.Editor.AssetPublisherDefinitionTests" classname="Scaffold.AppFlow.Publishers.Tests.Editor.AssetPublisherDefinitionTests" runstate="Runnable" testcasecount="3" result="Passed" start-time="2026-07-26 14:19:16Z" end-time="2026-07-26 14:19:16Z" duration="0.005851" total="3" passed="3" failed="0" inconclusive="0" skipped="0" asserts="0">
                  <properties />
                  <test-case id="1392" name="Register_AddressableLabelSource_WithoutBakedFallsBackToRuntimeBaked_Registers" fullname="Scaffold.AppFlow.Publishers.Tests.Editor.AssetPublisherDefinitionTests.Register_AddressableLabelSource_WithoutBakedFallsBackToRuntimeBaked_Registers" methodname="Register_AddressableLabelSource_WithoutBakedFallsBackToRuntimeBaked_Registers" classname="Scaffold.AppFlow.Publishers.Tests.Editor.AssetPublisherDefinitionTests" runstate="Runnable" seed="1579400637" result="Passed" start-time="2026-07-26 14:19:16Z" end-time="2026-07-26 14:19:16Z" duration="0.001056" asserts="0">
                    <properties>
                      <property name="retryIteration" value="0" />
                      <property name="repeatIteration" value="0" />
                    </properties>
                  </test-case>
                  <test-case id="1391" name="Register_WithNullBuilder_Throws" fullname="Scaffold.AppFlow.Publishers.Tests.Editor.AssetPublisherDefinitionTests.Register_WithNullBuilder_Throws" methodname="Register_WithNullBuilder_Throws" classname="Scaffold.AppFlow.Publishers.Tests.Editor.AssetPublisherDefinitionTests" runstate="Runnable" seed="737681768" result="Passed" start-time="2026-07-26 14:19:16Z" end-time="2026-07-26 14:19:16Z" duration="0.000178" asserts="0">
                    <properties>
                      <property name="retryIteration" value="0" />
                      <property name="repeatIteration" value="0" />
                    </properties>
                  </test-case>
                  <test-case id="1390" name="Register_WithoutBaked_Throws" fullname="Scaffold.AppFlow.Publishers.Tests.Editor.AssetPublisherDefinitionTests.Register_WithoutBaked_Throws" methodname="Register_WithoutBaked_Throws" classname="Scaffold.AppFlow.Publishers.Tests.Editor.AssetPublisherDefinitionTests" runstate="Runnable" seed="964900112" result="Passed" start-time="2026-07-26 14:19:16Z" end-time="2026-07-26 14:19:16Z" duration="0.000149" asserts="0">
                    <properties>
                      <property name="retryIteration" value="0" />
                      <property name="repeatIteration" value="0" />
                    </properties>
                  </test-case>
                </test-suite>
              </test-suite>
            </test-suite>
          </test-suite>
        </test-suite>
      </test-suite>
    </test-suite>
    <test-suite type="Assembly" id="1416" name="Scaffold.EditorTests.dll" fullname="/Users/leonardosilva/Documents/MatheusCohen/Gear Engine/Library/ScriptAssemblies/Scaffold.EditorTests.dll" runstate="Runnable" testcasecount="13" result="Passed" start-time="2026-07-26 14:19:16Z" end-time="2026-07-26 14:19:16Z" duration="0.084782" total="13" passed="13" failed="0" inconclusive="0" skipped="0" asserts="0">
      <properties>
        <property name="_PID" value="11844" />
        <property name="_APPDOMAIN" value="Unity Child Domain" />
        <property name="platform" value="EditMode" />
        <property name="EditorOnly" value="True" />
      </properties>
      <test-suite type="TestSuite" id="1417" name="Scaffold" fullname="Scaffold" runstate="Runnable" testcasecount="13" result="Passed" start-time="2026-07-26 14:19:16Z" end-time="2026-07-26 14:19:16Z" duration="0.082654" total="13" passed="13" failed="0" inconclusive="0" skipped="0" asserts="0">
        <properties />
        <test-suite type="TestSuite" id="1418" name="Tests" fullname="Scaffold.Tests" runstate="Runnable" testcasecount="13" result="Passed" start-time="2026-07-26 14:19:16Z" end-time="2026-07-26 14:19:16Z" duration="0.024242" total="13" passed="13" failed="0" inconclusive="0" skipped="0" asserts="0">
          <properties />
          <test-suite type="TestSuite" id="1419" name="Editor" fullname="Scaffold.Tests.Editor" runstate="Runnable" testcasecount="13" result="Passed" start-time="2026-07-26 14:19:16Z" end-time="2026-07-26 14:19:16Z" duration="0.021557" total="13" passed="13" failed="0" inconclusive="0" skipped="0" asserts="0">
            <properties />
            <test-suite type="TestFixture" id="1399" name="ScaffoldEditorResourcesTests" fullname="Scaffold.Tests.Editor.ScaffoldEditorResourcesTests" classname="Scaffold.Tests.Editor.ScaffoldEditorResourcesTests" runstate="Runnable" testcasecount="9" result="Passed" start-time="2026-07-26 14:19:16Z" end-time="2026-07-26 14:19:16Z" duration="0.015847" total="9" passed="9" failed="0" inconclusive="0" skipped="0" asserts="0">
              <properties />
              <test-case id="1401" name="BlockInspectorScriptIcon_ReferencesTheFreeFlowGraphTexture" fullname="Scaffold.Tests.Editor.ScaffoldEditorResourcesTests.BlockInspectorScriptIcon_ReferencesTheFreeFlowGraphTexture" methodname="BlockInspectorScriptIcon_ReferencesTheFreeFlowGraphTexture" classname="Scaffold.Tests.Editor.ScaffoldEditorResourcesTests" runstate="Runnable" seed="1740377620" result="Passed" start-time="2026-07-26 14:19:16Z" end-time="2026-07-26 14:19:16Z" duration="0.000528" asserts="0">
                <properties>
                  <property name="retryIteration" value="0" />
                  <property name="repeatIteration" value="0" />
                </properties>
              </test-case>
              <test-suite type="ParameterizedMethod" id="1405" name="DescriptionLayout_ClampsHeightAndReportsScrollRequirement" fullname="Scaffold.Tests.Editor.ScaffoldEditorResourcesTests.DescriptionLayout_ClampsHeightAndReportsScrollRequirement" classname="Scaffold.Tests.Editor.ScaffoldEditorResourcesTests" runstate="Runnable" testcasecount="3" result="Passed" start-time="2026-07-26 14:19:16Z" end-time="2026-07-26 14:19:16Z" duration="0.003702" total="3" passed="3" failed="0" inconclusive="0" skipped="0" asserts="0">
                <properties />
                <test-case id="1402" name="DescriptionLayout_ClampsHeightAndReportsScrollRequirement(10.0f,20.0f,20.0f,False)" fullname="Scaffold.Tests.Editor.ScaffoldEditorResourcesTests.DescriptionLayout_ClampsHeightAndReportsScrollRequirement(10.0f,20.0f,20.0f,False)" methodname="DescriptionLayout_ClampsHeightAndReportsScrollRequirement" classname="Scaffold.Tests.Editor.ScaffoldEditorResourcesTests" runstate="Runnable" seed="2111054287" result="Passed" start-time="2026-07-26 14:19:16Z" end-time="2026-07-26 14:19:16Z" duration="0.000824" asserts="0">
                  <properties>
                    <property name="retryIteration" value="0" />
                    <property name="repeatIteration" value="0" />
                  </properties>
                </test-case>
                <test-case id="1403" name="DescriptionLayout_ClampsHeightAndReportsScrollRequirement(80.0f,20.0f,80.0f,False)" fullname="Scaffold.Tests.Editor.ScaffoldEditorResourcesTests.DescriptionLayout_ClampsHeightAndReportsScrollRequirement(80.0f,20.0f,80.0f,False)" methodname="DescriptionLayout_ClampsHeightAndReportsScrollRequirement" classname="Scaffold.Tests.Editor.ScaffoldEditorResourcesTests" runstate="Runnable" seed="1561295487" result="Passed" start-time="2026-07-26 14:19:16Z" end-time="2026-07-26 14:19:16Z" duration="0.000085" asserts="0">
                  <properties>
                    <property name="retryIteration" value="0" />
                    <property name="repeatIteration" value="0" />
                  </properties>
                </test-case>
                <test-case id="1404" name="DescriptionLayout_ClampsHeightAndReportsScrollRequirement(120.0f,20.0f,80.0f,True)" fullname="Scaffold.Tests.Editor.ScaffoldEditorResourcesTests.DescriptionLayout_ClampsHeightAndReportsScrollRequirement(120.0f,20.0f,80.0f,True)" methodname="DescriptionLayout_ClampsHeightAndReportsScrollRequirement" classname="Scaffold.Tests.Editor.ScaffoldEditorResourcesTests" runstate="Runnable" seed="218164517" result="Passed" start-time="2026-07-26 14:19:16Z" end-time="2026-07-26 14:19:16Z" duration="0.000064" asserts="0">
                  <properties>
                    <property name="retryIteration" value="0" />
                    <property name="repeatIteration" value="0" />
                  </properties>
                </test-case>
              </test-suite>
              <test-case id="1400" name="FlowGraph_ProvidesFreeAndProTextures" fullname="Scaffold.Tests.Editor.ScaffoldEditorResourcesTests.FlowGraph_ProvidesFreeAndProTextures" methodname="FlowGraph_ProvidesFreeAndProTextures" classname="Scaffold.Tests.Editor.ScaffoldEditorResourcesTests" runstate="Runnable" seed="855359137" result="Passed" start-time="2026-07-26 14:19:16Z" end-time="2026-07-26 14:19:16Z" duration="0.000447" asserts="0">
                <properties>
                  <property name="retryIteration" value="0" />
                  <property name="repeatIteration" value="0" />
                </properties>
              </test-case>
              <test-case id="1410" name="RefreshForBlackboard_RebuildsTheOpenWindowBlockCollection" fullname="Scaffold.Tests.Editor.ScaffoldEditorResourcesTests.RefreshForBlackboard_RebuildsTheOpenWindowBlockCollection" methodname="RefreshForBlackboard_RebuildsTheOpenWindowBlockCollection" classname="Scaffold.Tests.Editor.ScaffoldEditorResourcesTests" runstate="Runnable" seed="1825146576" result="Passed" start-time="2026-07-26 14:19:16Z" end-time="2026-07-26 14:19:16Z" duration="0.003161" asserts="0">
                <properties>
                  <property name="retryIteration" value="0" />
                  <property name="repeatIteration" value="0" />
                </properties>
              </test-case>
              <test-suite type="ParameterizedMethod" id="1409" name="SummaryLayout_UsesVerticalLayoutOnlyBelowTheCompactBreakpoint" fullname="Scaffold.Tests.Editor.ScaffoldEditorResourcesTests.SummaryLayout_UsesVerticalLayoutOnlyBelowTheCompactBreakpoint" classname="Scaffold.Tests.Editor.ScaffoldEditorResourcesTests" runstate="Runnable" testcasecount="3" result="Passed" start-time="2026-07-26 14:19:16Z" end-time="2026-07-26 14:19:16Z" duration="0.006806" total="3" passed="3" failed="0" inconclusive="0" skipped="0" asserts="0">
                <properties />
                <test-case id="1406" name="SummaryLayout_UsesVerticalLayoutOnlyBelowTheCompactBreakpoint(479.0f,True)" fullname="Scaffold.Tests.Editor.ScaffoldEditorResourcesTests.SummaryLayout_UsesVerticalLayoutOnlyBelowTheCompactBreakpoint(479.0f,True)" methodname="SummaryLayout_UsesVerticalLayoutOnlyBelowTheCompactBreakpoint" classname="Scaffold.Tests.Editor.ScaffoldEditorResourcesTests" runstate="Runnable" seed="1451809725" result="Passed" start-time="2026-07-26 14:19:16Z" end-time="2026-07-26 14:19:16Z" duration="0.000325" asserts="0">
                  <properties>
                    <property name="retryIteration" value="0" />
                    <property name="repeatIteration" value="0" />
                  </properties>
                </test-case>
                <test-case id="1407" name="SummaryLayout_UsesVerticalLayoutOnlyBelowTheCompactBreakpoint(480.0f,False)" fullname="Scaffold.Tests.Editor.ScaffoldEditorResourcesTests.SummaryLayout_UsesVerticalLayoutOnlyBelowTheCompactBreakpoint(480.0f,False)" methodname="SummaryLayout_UsesVerticalLayoutOnlyBelowTheCompactBreakpoint" classname="Scaffold.Tests.Editor.ScaffoldEditorResourcesTests" runstate="Runnable" seed="802743273" result="Passed" start-time="2026-07-26 14:19:16Z" end-time="2026-07-26 14:19:16Z" duration="0.000067" asserts="0">
                  <properties>
                    <property name="retryIteration" value="0" />
                    <property name="repeatIteration" value="0" />
                  </properties>
                </test-case>
                <test-case id="1408" name="SummaryLayout_UsesVerticalLayoutOnlyBelowTheCompactBreakpoint(900.0f,False)" fullname="Scaffold.Tests.Editor.ScaffoldEditorResourcesTests.SummaryLayout_UsesVerticalLayoutOnlyBelowTheCompactBreakpoint(900.0f,False)" methodname="SummaryLayout_UsesVerticalLayoutOnlyBelowTheCompactBreakpoint" classname="Scaffold.Tests.Editor.ScaffoldEditorResourcesTests" runstate="Runnable" seed="809169807" result="Passed" start-time="2026-07-26 14:19:16Z" end-time="2026-07-26 14:19:16Z" duration="0.000051" asserts="0">
                  <properties>
                    <property name="retryIteration" value="0" />
                    <property name="repeatIteration" value="0" />
                  </properties>
                </test-case>
              </test-suite>
            </test-suite>
            <test-suite type="TestFixture" id="1411" name="VariableValueReferenceTests" fullname="Scaffold.Tests.Editor.VariableValueReferenceTests" classname="Scaffold.Tests.Editor.VariableValueReferenceTests" runstate="Runnable" testcasecount="4" result="Passed" start-time="2026-07-26 14:19:16Z" end-time="2026-07-26 14:19:16Z" duration="0.005273" total="4" passed="4" failed="0" inconclusive="0" skipped="0" asserts="0">
              <properties />
              <test-case id="1415" name="CharacterData_ResolvesTheSelectedBlackboardDirectAndScriptableObjectSources" fullname="Scaffold.Tests.Editor.VariableValueReferenceTests.CharacterData_ResolvesTheSelectedBlackboardDirectAndScriptableObjectSources" methodname="CharacterData_ResolvesTheSelectedBlackboardDirectAndScriptableObjectSources" classname="Scaffold.Tests.Editor.VariableValueReferenceTests" runstate="Runnable" seed="1528690051" result="Passed" start-time="2026-07-26 14:19:16Z" end-time="2026-07-26 14:19:16Z" duration="0.001417" asserts="0">
                <properties>
                  <property name="retryIteration" value="0" />
                  <property name="repeatIteration" value="0" />
                </properties>
              </test-case>
              <test-case id="1414" name="FloatData_AssignsToTheSelectedSource" fullname="Scaffold.Tests.Editor.VariableValueReferenceTests.FloatData_AssignsToTheSelectedSource" methodname="FloatData_AssignsToTheSelectedSource" classname="Scaffold.Tests.Editor.VariableValueReferenceTests" runstate="Runnable" seed="1651563531" result="Passed" start-time="2026-07-26 14:19:16Z" end-time="2026-07-26 14:19:16Z" duration="0.000463" asserts="0">
                <properties>
                  <property name="retryIteration" value="0" />
                  <property name="repeatIteration" value="0" />
                </properties>
              </test-case>
              <test-case id="1412" name="FloatData_ResolvesTheSelectedBlackboardDirectAndScriptableObjectSources" fullname="Scaffold.Tests.Editor.VariableValueReferenceTests.FloatData_ResolvesTheSelectedBlackboardDirectAndScriptableObjectSources" methodname="FloatData_ResolvesTheSelectedBlackboardDirectAndScriptableObjectSources" classname="Scaffold.Tests.Editor.VariableValueReferenceTests" runstate="Runnable" seed="1947596751" result="Passed" start-time="2026-07-26 14:19:16Z" end-time="2026-07-26 14:19:16Z" duration="0.000239" asserts="0">
                <properties>
                  <property name="retryIteration" value="0" />
                  <property name="repeatIteration" value="0" />
                </properties>
              </test-case>
              <test-case id="1413" name="FloatData_UnspecifiedSource_PreservesTheLegacyBlackboardThenDirectResolutionOrder" fullname="Scaffold.Tests.Editor.VariableValueReferenceTests.FloatData_UnspecifiedSource_PreservesTheLegacyBlackboardThenDirectResolutionOrder" methodname="FloatData_UnspecifiedSource_PreservesTheLegacyBlackboardThenDirectResolutionOrder" classname="Scaffold.Tests.Editor.VariableValueReferenceTests" runstate="Runnable" seed="1115758644" result="Passed" start-time="2026-07-26 14:19:16Z" end-time="2026-07-26 14:19:16Z" duration="0.000197" asserts="0">
                <properties>
                  <property name="retryIteration" value="0" />
                  <property name="repeatIteration" value="0" />
                </properties>
              </test-case>
            </test-suite>
          </test-suite>
        </test-suite>
      </test-suite>
    </test-suite>
    <test-suite type="Assembly" id="1422" name="Unity.Addressables.DocExampleCode.Editor.Tests.dll" fullname="/Users/leonardosilva/Documents/MatheusCohen/Gear Engine/Library/ScriptAssemblies/Unity.Addressables.DocExampleCode.Editor.Tests.dll" runstate="Runnable" testcasecount="1" result="Passed" start-time="2026-07-26 14:19:16Z" end-time="2026-07-26 14:19:16Z" duration="0.004709" total="1" passed="1" failed="0" inconclusive="0" skipped="0" asserts="0">
      <properties>
        <property name="_PID" value="11844" />
        <property name="_APPDOMAIN" value="Unity Child Domain" />
        <property name="platform" value="EditMode" />
        <property name="EditorOnly" value="True" />
      </properties>
      <test-suite type="TestSuite" id="1423" name="AddressableAssets" fullname="AddressableAssets" runstate="Runnable" testcasecount="1" result="Passed" start-time="2026-07-26 14:19:16Z" end-time="2026-07-26 14:19:16Z" duration="0.001304" total="1" passed="1" failed="0" inconclusive="0" skipped="0" asserts="0">
        <properties />
        <test-suite type="TestSuite" id="1424" name="DocExampleCode" fullname="AddressableAssets.DocExampleCode" runstate="Runnable" testcasecount="1" result="Passed" start-time="2026-07-26 14:19:16Z" end-time="2026-07-26 14:19:16Z" duration="0.000969" total="1" passed="1" failed="0" inconclusive="0" skipped="0" asserts="0">
          <properties />
          <test-suite type="TestFixture" id="1420" name="TestStub" fullname="AddressableAssets.DocExampleCode.TestStub" classname="AddressableAssets.DocExampleCode.TestStub" runstate="Runnable" testcasecount="1" result="Passed" start-time="2026-07-26 14:19:16Z" end-time="2026-07-26 14:19:16Z" duration="0.000739" total="1" passed="1" failed="0" inconclusive="0" skipped="0" asserts="0">
            <properties />
            <test-case id="1421" name="RequiredTest" fullname="AddressableAssets.DocExampleCode.TestStub.RequiredTest" methodname="RequiredTest" classname="AddressableAssets.DocExampleCode.TestStub" runstate="Runnable" seed="1114942047" result="Passed" start-time="2026-07-26 14:19:16Z" end-time="2026-07-26 14:19:16Z" duration="0.000101" asserts="0">
              <properties>
                <property name="retryIteration" value="0" />
                <property name="repeatIteration" value="0" />
              </properties>
              <output><![CDATA[Saving results to: /Users/leonardosilva/Library/Application Support/DDW/Scaffold/TestResults.xml
]]></output>
            </test-case>
          </test-suite>
        </test-suite>
      </test-suite>
    </test-suite>
  </test-suite>
</test-run>